[DEBUG] [2019-07-11 13:58:04,704:autosklearn.util.backend] _make_internals_directory: [Errno 17] File exists: 'tmp/autosk_tmp/.auto-sklearn'
[DEBUG] [2019-07-11 13:58:04,704:autosklearn.util.backend] _make_internals_directory: [Errno 17] File exists: 'tmp/autosk_tmp/.auto-sklearn'
[INFO] [2019-07-11 13:58:04,704:AutoML(2):breast_cancer] Starting to create dummy predictions.
[DEBUG] [2019-07-11 13:58:04,705:pynisher] Restricting your function to 1024 mb memory.
[DEBUG] [2019-07-11 13:58:04,705:pynisher] Restricting your function to 30 seconds wall time.
[DEBUG] [2019-07-11 13:58:04,705:pynisher] Allowing a grace period of 0 seconds.
[DEBUG] [2019-07-11 13:58:04,705:pynisher] Function called with argument: (), {'queue': <multiprocessing.queues.Queue object at 0x7f9eb87c1d68>, 'config': 1, 'backend': <autosklearn.util.backend.Backend object at 0x7f9ed689dbe0>, 'metric': accuracy, 'seed': 2, 'num_run': 1, 'all_scoring_functions': False, 'output_y_hat_optimization': True, 'include': None, 'exclude': None, 'disable_file_output': False, 'instance': None, 'init_params': {'instance': None}, 'resampling_strategy': 'holdout', 'resampling_strategy_args': {}}
[DEBUG] [2019-07-11 13:58:04,710:pynisher] call function
[DEBUG] [2019-07-11 13:58:04,723:autosklearn.util.backend] _make_internals_directory: [Errno 17] File exists: 'tmp/autosk_tmp/.auto-sklearn'
[DEBUG] [2019-07-11 13:58:04,725:pynisher] function returned properly: (None, 0)
[DEBUG] [2019-07-11 13:58:04,725:pynisher] return value: (None, 0)
[INFO] [2019-07-11 13:58:04,732:AutoML(2):breast_cancer] Finished creating dummy predictions.
[DEBUG] [2019-07-11 13:58:05,003:autosklearn.util.backend] Created Configuration space file tmp/autosk_tmp/space.pcs
[INFO] [2019-07-11 13:58:05,003:AutoML(2):breast_cancer] Start Ensemble with 29.69sec time left
[INFO] [2019-07-11 13:58:05,004:AutoML(2):breast_cancer] Not starting ensemble builder because ensemble size is <= 0.
[INFO] [2019-07-11 13:58:05,004:AutoML(2):breast_cancer] Start SMAC with 29.69sec time left
[INFO] [2019-07-11 13:58:05,006:smac.scenario.scenario.Scenario] Output to tmp/autosk_tmp/smac3-output
[DEBUG] [2019-07-11 13:58:05,006:smac.scenario.scenario.Scenario] Scenario Options:
[DEBUG] [2019-07-11 13:58:05,006:smac.scenario.scenario.Scenario] abort_on_first_run_crash = False
[DEBUG] [2019-07-11 13:58:05,006:smac.scenario.scenario.Scenario] always_race_default = False
[DEBUG] [2019-07-11 13:58:05,006:smac.scenario.scenario.Scenario] execdir = .
[DEBUG] [2019-07-11 13:58:05,006:smac.scenario.scenario.Scenario] deterministic = True
[DEBUG] [2019-07-11 13:58:05,006:smac.scenario.scenario.Scenario] intensification_percentage = 0.5
[DEBUG] [2019-07-11 13:58:05,006:smac.scenario.scenario.Scenario] run_obj = quality
[DEBUG] [2019-07-11 13:58:05,006:smac.scenario.scenario.Scenario] overall_obj = par10
[DEBUG] [2019-07-11 13:58:05,006:smac.scenario.scenario.Scenario] cost_for_crash = 1.0
[DEBUG] [2019-07-11 13:58:05,006:smac.scenario.scenario.Scenario] cutoff = 15.0
[DEBUG] [2019-07-11 13:58:05,006:smac.scenario.scenario.Scenario] memory_limit = 1024
[DEBUG] [2019-07-11 13:58:05,006:smac.scenario.scenario.Scenario] algo_runs_timelimit = inf
[DEBUG] [2019-07-11 13:58:05,007:smac.scenario.scenario.Scenario] wallclock_limit = 23.691672801971436
[DEBUG] [2019-07-11 13:58:05,007:smac.scenario.scenario.Scenario] ta_run_limit = inf
[DEBUG] [2019-07-11 13:58:05,007:smac.scenario.scenario.Scenario] minR = 1
[DEBUG] [2019-07-11 13:58:05,007:smac.scenario.scenario.Scenario] maxR = 2000
[DEBUG] [2019-07-11 13:58:05,007:smac.scenario.scenario.Scenario] output_dir = tmp/autosk_tmp/smac3-output
[DEBUG] [2019-07-11 13:58:05,007:smac.scenario.scenario.Scenario] input_psmac_dirs = tmp/autosk_tmp/smac3-output/run_*
[DEBUG] [2019-07-11 13:58:05,007:smac.scenario.scenario.Scenario] shared_model = True
[DEBUG] [2019-07-11 13:58:05,007:smac.scenario.scenario.Scenario] initial_incumbent = RANDOM
[DEBUG] [2019-07-11 13:58:05,007:smac.scenario.scenario.Scenario] Output directory does not exist! Will be created.
[DEBUG] [2019-07-11 13:58:05,007:smac.scenario.scenario.Scenario] Writing scenario-file to tmp/autosk_tmp/smac3-output/run_2/scenario.txt.
[DEBUG] [2019-07-11 13:58:05,014:pynisher] Restricting your function to 1024 mb memory.
[DEBUG] [2019-07-11 13:58:05,014:pynisher] Restricting your function to 15 seconds wall time.
[DEBUG] [2019-07-11 13:58:05,014:pynisher] Allowing a grace period of 0 seconds.
[DEBUG] [2019-07-11 13:58:05,014:pynisher] Function called with argument: (), {'queue': <multiprocessing.queues.Queue object at 0x7f9eb8714198>, 'config': Configuration:
  balancing:strategy, Value: 'weighting'
  categorical_encoding:__choice__, Value: 'one_hot_encoding'
  categorical_encoding:one_hot_encoding:minimum_fraction, Value: 0.06406361996218067
  categorical_encoding:one_hot_encoding:use_minimum_fraction, Value: 'True'
  classifier:__choice__, Value: 'gaussian_nb'
  imputation:strategy, Value: 'mean'
  preprocessor:__choice__, Value: 'select_rates'
  preprocessor:select_rates:alpha, Value: 0.2324526078519159
  preprocessor:select_rates:mode, Value: 'fpr'
  preprocessor:select_rates:score_func, Value: 'chi2'
  rescaling:__choice__, Value: 'robust_scaler'
  rescaling:robust_scaler:q_max, Value: 0.8733409696988197
  rescaling:robust_scaler:q_min, Value: 0.06514310631188752
, 'backend': <autosklearn.util.backend.Backend object at 0x7f9ed689dbe0>, 'metric': accuracy, 'seed': 2, 'num_run': 2, 'all_scoring_functions': False, 'output_y_hat_optimization': True, 'include': {}, 'exclude': {}, 'disable_file_output': False, 'instance': '{"task_id": "breast_cancer"}', 'init_params': {'instance': '{"task_id": "breast_cancer"}'}, 'resampling_strategy': 'holdout', 'resampling_strategy_args': {}}
[DEBUG] [2019-07-11 13:58:05,019:pynisher] call function
[DEBUG] [2019-07-11 13:58:05,419:autosklearn.util.backend] _make_internals_directory: [Errno 17] File exists: 'tmp/autosk_tmp/.auto-sklearn'
[DEBUG] [2019-07-11 13:58:05,421:pynisher] function returned properly: (None, 0)
[DEBUG] [2019-07-11 13:58:05,421:pynisher] return value: (None, 0)
[DEBUG] [2019-07-11 13:58:05,429:AutoMLSMBO(2)::breast_cancer] Return: Status: <StatusType.SUCCESS: 1>, cost: 0.155056, time: 0.408322, additional: {'duration': 0.38791537284851074, 'num_run': 2, 'train_loss': 0.16518847006651882, 'configuration_origin': 'Random initial design.'}
[DEBUG] [2019-07-11 13:58:05,446:smac.runhistory.runhistory2epm.RunHistory2EPM4Cost] Transform runhistory into X,y format
[DEBUG] [2019-07-11 13:58:05,457:smac.runhistory.runhistory2epm.RunHistory2EPM4Cost] Converted 16 observations
[DEBUG] [2019-07-11 13:58:05,527:smac.optimizer.ei_optimization.LocalSearch] Switch to one of the neighbors
[DEBUG] [2019-07-11 13:58:05,599:smac.optimizer.ei_optimization.LocalSearch] Local search took 2 steps and looked at 93 configurations. Computing the acquisition value for one configuration took 0.001057 seconds on average.
[DEBUG] [2019-07-11 13:58:05,608:smac.optimizer.ei_optimization.LocalSearch] Switch to one of the neighbors
[DEBUG] [2019-07-11 13:58:05,672:smac.optimizer.ei_optimization.LocalSearch] Local search took 2 steps and looked at 55 configurations. Computing the acquisition value for one configuration took 0.001055 seconds on average.
[DEBUG] [2019-07-11 13:58:05,690:smac.optimizer.ei_optimization.LocalSearch] Switch to one of the neighbors
[DEBUG] [2019-07-11 13:58:05,742:smac.optimizer.ei_optimization.LocalSearch] Local search took 2 steps and looked at 51 configurations. Computing the acquisition value for one configuration took 0.001046 seconds on average.
[DEBUG] [2019-07-11 13:58:05,750:smac.optimizer.ei_optimization.LocalSearch] Switch to one of the neighbors
[DEBUG] [2019-07-11 13:58:05,764:smac.optimizer.ei_optimization.LocalSearch] Switch to one of the neighbors
[DEBUG] [2019-07-11 13:58:05,807:smac.optimizer.ei_optimization.LocalSearch] Switch to one of the neighbors
[DEBUG] [2019-07-11 13:58:05,855:smac.optimizer.ei_optimization.LocalSearch] Local search took 4 steps and looked at 82 configurations. Computing the acquisition value for one configuration took 0.001053 seconds on average.
[DEBUG] [2019-07-11 13:58:05,860:smac.optimizer.ei_optimization.LocalSearch] Switch to one of the neighbors
[DEBUG] [2019-07-11 13:58:05,898:smac.optimizer.ei_optimization.LocalSearch] Switch to one of the neighbors
[DEBUG] [2019-07-11 13:58:05,904:smac.optimizer.ei_optimization.LocalSearch] Switch to one of the neighbors
[DEBUG] [2019-07-11 13:58:05,930:smac.optimizer.ei_optimization.LocalSearch] Switch to one of the neighbors
[DEBUG] [2019-07-11 13:58:05,983:smac.optimizer.ei_optimization.LocalSearch] Local search took 5 steps and looked at 90 configurations. Computing the acquisition value for one configuration took 0.001052 seconds on average.
[DEBUG] [2019-07-11 13:58:06,013:smac.optimizer.ei_optimization.LocalSearch] Switch to one of the neighbors
[DEBUG] [2019-07-11 13:58:06,059:smac.optimizer.ei_optimization.LocalSearch] Switch to one of the neighbors
[DEBUG] [2019-07-11 13:58:06,108:smac.optimizer.ei_optimization.LocalSearch] Local search took 3 steps and looked at 93 configurations. Computing the acquisition value for one configuration took 0.001047 seconds on average.
[DEBUG] [2019-07-11 13:58:06,142:smac.optimizer.ei_optimization.LocalSearch] Switch to one of the neighbors
[DEBUG] [2019-07-11 13:58:06,207:smac.optimizer.ei_optimization.LocalSearch] Local search took 2 steps and looked at 76 configurations. Computing the acquisition value for one configuration took 0.001040 seconds on average.
[DEBUG] [2019-07-11 13:58:06,222:smac.optimizer.ei_optimization.LocalSearch] Switch to one of the neighbors
[DEBUG] [2019-07-11 13:58:06,242:smac.optimizer.ei_optimization.LocalSearch] Switch to one of the neighbors
[DEBUG] [2019-07-11 13:58:06,268:smac.optimizer.ei_optimization.LocalSearch] Switch to one of the neighbors
[DEBUG] [2019-07-11 13:58:06,277:smac.optimizer.ei_optimization.LocalSearch] Switch to one of the neighbors
[DEBUG] [2019-07-11 13:58:06,328:smac.optimizer.ei_optimization.LocalSearch] Local search took 5 steps and looked at 87 configurations. Computing the acquisition value for one configuration took 0.001044 seconds on average.
[DEBUG] [2019-07-11 13:58:06,339:smac.optimizer.ei_optimization.LocalSearch] Switch to one of the neighbors
[DEBUG] [2019-07-11 13:58:06,363:smac.optimizer.ei_optimization.LocalSearch] Switch to one of the neighbors
[DEBUG] [2019-07-11 13:58:06,370:smac.optimizer.ei_optimization.LocalSearch] Switch to one of the neighbors
[DEBUG] [2019-07-11 13:58:06,417:smac.optimizer.ei_optimization.LocalSearch] Switch to one of the neighbors
[DEBUG] [2019-07-11 13:58:06,423:smac.optimizer.ei_optimization.LocalSearch] Switch to one of the neighbors
[DEBUG] [2019-07-11 13:58:06,460:smac.optimizer.ei_optimization.LocalSearch] Switch to one of the neighbors
[DEBUG] [2019-07-11 13:58:06,514:smac.optimizer.ei_optimization.LocalSearch] Local search took 7 steps and looked at 135 configurations. Computing the acquisition value for one configuration took 0.001049 seconds on average.
[DEBUG] [2019-07-11 13:58:06,518:smac.optimizer.ei_optimization.LocalSearch] Switch to one of the neighbors
[DEBUG] [2019-07-11 13:58:06,522:smac.optimizer.ei_optimization.LocalSearch] Switch to one of the neighbors
[DEBUG] [2019-07-11 13:58:06,530:smac.optimizer.ei_optimization.LocalSearch] Switch to one of the neighbors
[DEBUG] [2019-07-11 13:58:06,558:smac.optimizer.ei_optimization.LocalSearch] Switch to one of the neighbors
[DEBUG] [2019-07-11 13:58:06,578:smac.optimizer.ei_optimization.LocalSearch] Switch to one of the neighbors
[DEBUG] [2019-07-11 13:58:06,626:smac.optimizer.ei_optimization.LocalSearch] Local search took 6 steps and looked at 77 configurations. Computing the acquisition value for one configuration took 0.001048 seconds on average.
[DEBUG] [2019-07-11 13:58:07,355:smac.optimizer.ei_optimization.InterleavedLocalAndRandomSearch] First 10 acq func (origin) values of selected configurations: [[0.09853165984808265, 'Random Search (sorted)'], [0.09853165984808265, 'Random Search (sorted)'], [0.09853165984808265, 'Random Search (sorted)'], [0.09735490010546038, 'Random Search (sorted)'], [0.09607182468227454, 'Random Search (sorted)'], [0.09607182468227454, 'Random Search (sorted)'], [0.09565095582459433, 'Random Search (sorted)'], [array([[0.09560903]]), 'Local Search'], [array([[0.09560903]]), 'Local Search'], [0.09508270297913622, 'Random Search (sorted)']]
[DEBUG] [2019-07-11 13:58:07,358:pynisher] Restricting your function to 1024 mb memory.
[DEBUG] [2019-07-11 13:58:07,358:pynisher] Restricting your function to 15 seconds wall time.
[DEBUG] [2019-07-11 13:58:07,358:pynisher] Allowing a grace period of 0 seconds.
[DEBUG] [2019-07-11 13:58:07,358:pynisher] Function called with argument: (), {'queue': <multiprocessing.queues.Queue object at 0x7f9eb84757f0>, 'config': Configuration:
  balancing:strategy, Value: 'weighting'
  categorical_encoding:__choice__, Value: 'no_encoding'
  classifier:__choice__, Value: 'multinomial_nb'
  classifier:multinomial_nb:alpha, Value: 33.66896448773859
  classifier:multinomial_nb:fit_prior, Value: 'True'
  imputation:strategy, Value: 'median'
  preprocessor:__choice__, Value: 'no_preprocessing'
  rescaling:__choice__, Value: 'robust_scaler'
  rescaling:robust_scaler:q_max, Value: 0.8184334234871169
  rescaling:robust_scaler:q_min, Value: 0.06654999182346642
, 'backend': <autosklearn.util.backend.Backend object at 0x7f9ed689dbe0>, 'metric': accuracy, 'seed': 2, 'num_run': 3, 'all_scoring_functions': False, 'output_y_hat_optimization': True, 'include': {}, 'exclude': {}, 'disable_file_output': False, 'instance': '{"task_id": "breast_cancer"}', 'init_params': {'instance': '{"task_id": "breast_cancer"}'}, 'resampling_strategy': 'holdout', 'resampling_strategy_args': {}}
[DEBUG] [2019-07-11 13:58:07,363:pynisher] call function
[DEBUG] [2019-07-11 13:58:07,804:autosklearn.util.backend] _make_internals_directory: [Errno 17] File exists: 'tmp/autosk_tmp/.auto-sklearn'
[DEBUG] [2019-07-11 13:58:07,806:pynisher] function returned properly: (None, 0)
[DEBUG] [2019-07-11 13:58:07,806:pynisher] return value: (None, 0)
[DEBUG] [2019-07-11 13:58:07,815:AutoMLSMBO(2)::breast_cancer] Return: Status: <StatusType.SUCCESS: 1>, cost: 0.143820, time: 0.448402, additional: {'duration': 0.43004655838012695, 'num_run': 3, 'train_loss': 0.16740576496674053, 'configuration_origin': 'Random Search (sorted)'}
[INFO] [2019-07-11 13:58:07,816:smac.intensification.intensification.Intensifier] Challenger (0.1438) is better than incumbent (0.1551) on 1 runs.
[INFO] [2019-07-11 13:58:07,816:smac.intensification.intensification.Intensifier] Challenger (0.1438) is better than incumbent (0.1551) on 1 runs.
[INFO] [2019-07-11 13:58:07,816:smac.intensification.intensification.Intensifier] Changes in incumbent:
[INFO] [2019-07-11 13:58:07,816:smac.intensification.intensification.Intensifier] Changes in incumbent:
[INFO] [2019-07-11 13:58:07,816:smac.intensification.intensification.Intensifier]   categorical_encoding:__choice__ : 'one_hot_encoding' -> 'no_encoding'
[INFO] [2019-07-11 13:58:07,816:smac.intensification.intensification.Intensifier]   categorical_encoding:__choice__ : 'one_hot_encoding' -> 'no_encoding'
[INFO] [2019-07-11 13:58:07,817:smac.intensification.intensification.Intensifier]   classifier:__choice__ : 'gaussian_nb' -> 'multinomial_nb'
[INFO] [2019-07-11 13:58:07,817:smac.intensification.intensification.Intensifier]   classifier:__choice__ : 'gaussian_nb' -> 'multinomial_nb'
[INFO] [2019-07-11 13:58:07,817:smac.intensification.intensification.Intensifier]   classifier:multinomial_nb:alpha : None -> 33.66896448773859
[INFO] [2019-07-11 13:58:07,817:smac.intensification.intensification.Intensifier]   classifier:multinomial_nb:alpha : None -> 33.66896448773859
[INFO] [2019-07-11 13:58:07,817:smac.intensification.intensification.Intensifier]   classifier:multinomial_nb:fit_prior : None -> 'True'
[INFO] [2019-07-11 13:58:07,817:smac.intensification.intensification.Intensifier]   classifier:multinomial_nb:fit_prior : None -> 'True'
[INFO] [2019-07-11 13:58:07,817:smac.intensification.intensification.Intensifier]   imputation:strategy : 'mean' -> 'median'
[INFO] [2019-07-11 13:58:07,817:smac.intensification.intensification.Intensifier]   imputation:strategy : 'mean' -> 'median'
[INFO] [2019-07-11 13:58:07,817:smac.intensification.intensification.Intensifier]   preprocessor:__choice__ : 'select_rates' -> 'no_preprocessing'
[INFO] [2019-07-11 13:58:07,817:smac.intensification.intensification.Intensifier]   preprocessor:__choice__ : 'select_rates' -> 'no_preprocessing'
[INFO] [2019-07-11 13:58:07,817:smac.intensification.intensification.Intensifier]   rescaling:robust_scaler:q_max : 0.8733409696988197 -> 0.8184334234871169
[INFO] [2019-07-11 13:58:07,817:smac.intensification.intensification.Intensifier]   rescaling:robust_scaler:q_max : 0.8733409696988197 -> 0.8184334234871169
[INFO] [2019-07-11 13:58:07,817:smac.intensification.intensification.Intensifier]   rescaling:robust_scaler:q_min : 0.06514310631188752 -> 0.06654999182346642
[INFO] [2019-07-11 13:58:07,817:smac.intensification.intensification.Intensifier]   rescaling:robust_scaler:q_min : 0.06514310631188752 -> 0.06654999182346642
[DEBUG] [2019-07-11 13:58:07,821:pynisher] Restricting your function to 1024 mb memory.
[DEBUG] [2019-07-11 13:58:07,822:pynisher] Restricting your function to 15 seconds wall time.
[DEBUG] [2019-07-11 13:58:07,822:pynisher] Allowing a grace period of 0 seconds.
[DEBUG] [2019-07-11 13:58:07,822:pynisher] Function called with argument: (), {'queue': <multiprocessing.queues.Queue object at 0x7f9eb8475a58>, 'config': Configuration:
  balancing:strategy, Value: 'none'
  categorical_encoding:__choice__, Value: 'one_hot_encoding'
  categorical_encoding:one_hot_encoding:minimum_fraction, Value: 0.006223232577265658
  categorical_encoding:one_hot_encoding:use_minimum_fraction, Value: 'True'
  classifier:__choice__, Value: 'lda'
  classifier:lda:n_components, Value: 102
  classifier:lda:shrinkage, Value: 'manual'
  classifier:lda:shrinkage_factor, Value: 0.7144968115850955
  classifier:lda:tol, Value: 1.1070884204010202e-05
  imputation:strategy, Value: 'median'
  preprocessor:__choice__, Value: 'extra_trees_preproc_for_classification'
  preprocessor:extra_trees_preproc_for_classification:bootstrap, Value: 'True'
  preprocessor:extra_trees_preproc_for_classification:criterion, Value: 'entropy'
  preprocessor:extra_trees_preproc_for_classification:max_depth, Constant: 'None'
  preprocessor:extra_trees_preproc_for_classification:max_features, Value: 0.6836823308755796
  preprocessor:extra_trees_preproc_for_classification:max_leaf_nodes, Constant: 'None'
  preprocessor:extra_trees_preproc_for_classification:min_impurity_decrease, Constant: 0.0
  preprocessor:extra_trees_preproc_for_classification:min_samples_leaf, Value: 1
  preprocessor:extra_trees_preproc_for_classification:min_samples_split, Value: 5
  preprocessor:extra_trees_preproc_for_classification:min_weight_fraction_leaf, Constant: 0.0
  preprocessor:extra_trees_preproc_for_classification:n_estimators, Constant: 100
  rescaling:__choice__, Value: 'quantile_transformer'
  rescaling:quantile_transformer:n_quantiles, Value: 1930
  rescaling:quantile_transformer:output_distribution, Value: 'normal'
, 'backend': <autosklearn.util.backend.Backend object at 0x7f9ed689dbe0>, 'metric': accuracy, 'seed': 2, 'num_run': 4, 'all_scoring_functions': False, 'output_y_hat_optimization': True, 'include': {}, 'exclude': {}, 'disable_file_output': False, 'instance': '{"task_id": "breast_cancer"}', 'init_params': {'instance': '{"task_id": "breast_cancer"}'}, 'resampling_strategy': 'holdout', 'resampling_strategy_args': {}}
[DEBUG] [2019-07-11 13:58:07,826:pynisher] call function
[DEBUG] [2019-07-11 13:58:08,705:autosklearn.util.backend] _make_internals_directory: [Errno 17] File exists: 'tmp/autosk_tmp/.auto-sklearn'
[DEBUG] [2019-07-11 13:58:08,706:pynisher] function returned properly: (None, 0)
[DEBUG] [2019-07-11 13:58:08,706:pynisher] return value: (None, 0)
[DEBUG] [2019-07-11 13:58:08,716:AutoMLSMBO(2)::breast_cancer] Return: Status: <StatusType.SUCCESS: 1>, cost: 0.105618, time: 0.884820, additional: {'duration': 0.8533430099487305, 'num_run': 4, 'train_loss': 0.14634146341463417, 'configuration_origin': 'Random Search'}
[INFO] [2019-07-11 13:58:08,717:smac.intensification.intensification.Intensifier] Challenger (0.1056) is better than incumbent (0.1438) on 1 runs.
[INFO] [2019-07-11 13:58:08,717:smac.intensification.intensification.Intensifier] Challenger (0.1056) is better than incumbent (0.1438) on 1 runs.
[INFO] [2019-07-11 13:58:08,717:smac.intensification.intensification.Intensifier] Changes in incumbent:
[INFO] [2019-07-11 13:58:08,717:smac.intensification.intensification.Intensifier] Changes in incumbent:
[INFO] [2019-07-11 13:58:08,717:smac.intensification.intensification.Intensifier]   balancing:strategy : 'weighting' -> 'none'
[INFO] [2019-07-11 13:58:08,717:smac.intensification.intensification.Intensifier]   balancing:strategy : 'weighting' -> 'none'
[INFO] [2019-07-11 13:58:08,717:smac.intensification.intensification.Intensifier]   categorical_encoding:__choice__ : 'no_encoding' -> 'one_hot_encoding'
[INFO] [2019-07-11 13:58:08,717:smac.intensification.intensification.Intensifier]   categorical_encoding:__choice__ : 'no_encoding' -> 'one_hot_encoding'
[INFO] [2019-07-11 13:58:08,717:smac.intensification.intensification.Intensifier]   categorical_encoding:one_hot_encoding:minimum_fraction : None -> 0.006223232577265658
[INFO] [2019-07-11 13:58:08,717:smac.intensification.intensification.Intensifier]   categorical_encoding:one_hot_encoding:minimum_fraction : None -> 0.006223232577265658
[INFO] [2019-07-11 13:58:08,718:smac.intensification.intensification.Intensifier]   categorical_encoding:one_hot_encoding:use_minimum_fraction : None -> 'True'
[INFO] [2019-07-11 13:58:08,718:smac.intensification.intensification.Intensifier]   categorical_encoding:one_hot_encoding:use_minimum_fraction : None -> 'True'
[INFO] [2019-07-11 13:58:08,718:smac.intensification.intensification.Intensifier]   classifier:__choice__ : 'multinomial_nb' -> 'lda'
[INFO] [2019-07-11 13:58:08,718:smac.intensification.intensification.Intensifier]   classifier:__choice__ : 'multinomial_nb' -> 'lda'
[INFO] [2019-07-11 13:58:08,718:smac.intensification.intensification.Intensifier]   classifier:lda:n_components : None -> 102
[INFO] [2019-07-11 13:58:08,718:smac.intensification.intensification.Intensifier]   classifier:lda:n_components : None -> 102
[INFO] [2019-07-11 13:58:08,718:smac.intensification.intensification.Intensifier]   classifier:lda:shrinkage : None -> 'manual'
[INFO] [2019-07-11 13:58:08,718:smac.intensification.intensification.Intensifier]   classifier:lda:shrinkage : None -> 'manual'
[INFO] [2019-07-11 13:58:08,718:smac.intensification.intensification.Intensifier]   classifier:lda:shrinkage_factor : None -> 0.7144968115850955
[INFO] [2019-07-11 13:58:08,718:smac.intensification.intensification.Intensifier]   classifier:lda:shrinkage_factor : None -> 0.7144968115850955
[INFO] [2019-07-11 13:58:08,718:smac.intensification.intensification.Intensifier]   classifier:lda:tol : None -> 1.1070884204010202e-05
[INFO] [2019-07-11 13:58:08,718:smac.intensification.intensification.Intensifier]   classifier:lda:tol : None -> 1.1070884204010202e-05
[INFO] [2019-07-11 13:58:08,718:smac.intensification.intensification.Intensifier]   preprocessor:__choice__ : 'no_preprocessing' -> 'extra_trees_preproc_for_classification'
[INFO] [2019-07-11 13:58:08,718:smac.intensification.intensification.Intensifier]   preprocessor:__choice__ : 'no_preprocessing' -> 'extra_trees_preproc_for_classification'
[INFO] [2019-07-11 13:58:08,718:smac.intensification.intensification.Intensifier]   preprocessor:extra_trees_preproc_for_classification:bootstrap : None -> 'True'
[INFO] [2019-07-11 13:58:08,718:smac.intensification.intensification.Intensifier]   preprocessor:extra_trees_preproc_for_classification:bootstrap : None -> 'True'
[INFO] [2019-07-11 13:58:08,718:smac.intensification.intensification.Intensifier]   preprocessor:extra_trees_preproc_for_classification:criterion : None -> 'entropy'
[INFO] [2019-07-11 13:58:08,718:smac.intensification.intensification.Intensifier]   preprocessor:extra_trees_preproc_for_classification:criterion : None -> 'entropy'
[INFO] [2019-07-11 13:58:08,718:smac.intensification.intensification.Intensifier]   preprocessor:extra_trees_preproc_for_classification:max_depth : None -> 'None'
[INFO] [2019-07-11 13:58:08,718:smac.intensification.intensification.Intensifier]   preprocessor:extra_trees_preproc_for_classification:max_depth : None -> 'None'
[INFO] [2019-07-11 13:58:08,718:smac.intensification.intensification.Intensifier]   preprocessor:extra_trees_preproc_for_classification:max_features : None -> 0.6836823308755796
[INFO] [2019-07-11 13:58:08,718:smac.intensification.intensification.Intensifier]   preprocessor:extra_trees_preproc_for_classification:max_features : None -> 0.6836823308755796
[INFO] [2019-07-11 13:58:08,718:smac.intensification.intensification.Intensifier]   preprocessor:extra_trees_preproc_for_classification:max_leaf_nodes : None -> 'None'
[INFO] [2019-07-11 13:58:08,718:smac.intensification.intensification.Intensifier]   preprocessor:extra_trees_preproc_for_classification:max_leaf_nodes : None -> 'None'
[INFO] [2019-07-11 13:58:08,718:smac.intensification.intensification.Intensifier]   preprocessor:extra_trees_preproc_for_classification:min_impurity_decrease : None -> 0.0
[INFO] [2019-07-11 13:58:08,718:smac.intensification.intensification.Intensifier]   preprocessor:extra_trees_preproc_for_classification:min_impurity_decrease : None -> 0.0
[INFO] [2019-07-11 13:58:08,718:smac.intensification.intensification.Intensifier]   preprocessor:extra_trees_preproc_for_classification:min_samples_leaf : None -> 1
[INFO] [2019-07-11 13:58:08,718:smac.intensification.intensification.Intensifier]   preprocessor:extra_trees_preproc_for_classification:min_samples_leaf : None -> 1
[INFO] [2019-07-11 13:58:08,718:smac.intensification.intensification.Intensifier]   preprocessor:extra_trees_preproc_for_classification:min_samples_split : None -> 5
[INFO] [2019-07-11 13:58:08,718:smac.intensification.intensification.Intensifier]   preprocessor:extra_trees_preproc_for_classification:min_samples_split : None -> 5
[INFO] [2019-07-11 13:58:08,718:smac.intensification.intensification.Intensifier]   preprocessor:extra_trees_preproc_for_classification:min_weight_fraction_leaf : None -> 0.0
[INFO] [2019-07-11 13:58:08,718:smac.intensification.intensification.Intensifier]   preprocessor:extra_trees_preproc_for_classification:min_weight_fraction_leaf : None -> 0.0
[INFO] [2019-07-11 13:58:08,718:smac.intensification.intensification.Intensifier]   preprocessor:extra_trees_preproc_for_classification:n_estimators : None -> 100
[INFO] [2019-07-11 13:58:08,718:smac.intensification.intensification.Intensifier]   preprocessor:extra_trees_preproc_for_classification:n_estimators : None -> 100
[INFO] [2019-07-11 13:58:08,718:smac.intensification.intensification.Intensifier]   rescaling:__choice__ : 'robust_scaler' -> 'quantile_transformer'
[INFO] [2019-07-11 13:58:08,718:smac.intensification.intensification.Intensifier]   rescaling:__choice__ : 'robust_scaler' -> 'quantile_transformer'
[INFO] [2019-07-11 13:58:08,719:smac.intensification.intensification.Intensifier]   rescaling:quantile_transformer:n_quantiles : None -> 1930
[INFO] [2019-07-11 13:58:08,719:smac.intensification.intensification.Intensifier]   rescaling:quantile_transformer:n_quantiles : None -> 1930
[INFO] [2019-07-11 13:58:08,719:smac.intensification.intensification.Intensifier]   rescaling:quantile_transformer:output_distribution : None -> 'normal'
[INFO] [2019-07-11 13:58:08,719:smac.intensification.intensification.Intensifier]   rescaling:quantile_transformer:output_distribution : None -> 'normal'
[DEBUG] [2019-07-11 13:58:08,721:pynisher] Restricting your function to 1024 mb memory.
[DEBUG] [2019-07-11 13:58:08,721:pynisher] Restricting your function to 14 seconds wall time.
[DEBUG] [2019-07-11 13:58:08,721:pynisher] Allowing a grace period of 0 seconds.
[DEBUG] [2019-07-11 13:58:08,721:pynisher] Function called with argument: (), {'queue': <multiprocessing.queues.Queue object at 0x7f9eb8475be0>, 'config': Configuration:
  balancing:strategy, Value: 'weighting'
  categorical_encoding:__choice__, Value: 'no_encoding'
  classifier:__choice__, Value: 'multinomial_nb'
  classifier:multinomial_nb:alpha, Value: 22.46595987526971
  classifier:multinomial_nb:fit_prior, Value: 'False'
  imputation:strategy, Value: 'median'
  preprocessor:__choice__, Value: 'no_preprocessing'
  rescaling:__choice__, Value: 'robust_scaler'
  rescaling:robust_scaler:q_max, Value: 0.9904329160687979
  rescaling:robust_scaler:q_min, Value: 0.08427281113027359
, 'backend': <autosklearn.util.backend.Backend object at 0x7f9ed689dbe0>, 'metric': accuracy, 'seed': 2, 'num_run': 5, 'all_scoring_functions': False, 'output_y_hat_optimization': True, 'include': {}, 'exclude': {}, 'disable_file_output': False, 'instance': '{"task_id": "breast_cancer"}', 'init_params': {'instance': '{"task_id": "breast_cancer"}'}, 'resampling_strategy': 'holdout', 'resampling_strategy_args': {}}
[DEBUG] [2019-07-11 13:58:08,725:pynisher] call function
[DEBUG] [2019-07-11 13:58:09,189:autosklearn.util.backend] _make_internals_directory: [Errno 17] File exists: 'tmp/autosk_tmp/.auto-sklearn'
[DEBUG] [2019-07-11 13:58:09,191:pynisher] function returned properly: (None, 0)
[DEBUG] [2019-07-11 13:58:09,191:pynisher] return value: (None, 0)
[DEBUG] [2019-07-11 13:58:09,199:AutoMLSMBO(2)::breast_cancer] Return: Status: <StatusType.SUCCESS: 1>, cost: 0.148315, time: 0.472657, additional: {'duration': 0.4516408443450928, 'num_run': 5, 'train_loss': 0.17294900221729492, 'configuration_origin': 'Random Search (sorted)'}
[DEBUG] [2019-07-11 13:58:09,204:pynisher] Restricting your function to 1024 mb memory.
[DEBUG] [2019-07-11 13:58:09,204:pynisher] Restricting your function to 14 seconds wall time.
[DEBUG] [2019-07-11 13:58:09,205:pynisher] Allowing a grace period of 0 seconds.
[DEBUG] [2019-07-11 13:58:09,205:pynisher] Function called with argument: (), {'queue': <multiprocessing.queues.Queue object at 0x7f9eb84757f0>, 'config': Configuration:
  balancing:strategy, Value: 'none'
  categorical_encoding:__choice__, Value: 'one_hot_encoding'
  categorical_encoding:one_hot_encoding:minimum_fraction, Value: 0.20502571853427676
  categorical_encoding:one_hot_encoding:use_minimum_fraction, Value: 'True'
  classifier:__choice__, Value: 'qda'
  classifier:qda:reg_param, Value: 0.1406334499672105
  imputation:strategy, Value: 'median'
  preprocessor:__choice__, Value: 'kitchen_sinks'
  preprocessor:kitchen_sinks:gamma, Value: 1.2096663853625602
  preprocessor:kitchen_sinks:n_components, Value: 672
  rescaling:__choice__, Value: 'none'
, 'backend': <autosklearn.util.backend.Backend object at 0x7f9ed689dbe0>, 'metric': accuracy, 'seed': 2, 'num_run': 6, 'all_scoring_functions': False, 'output_y_hat_optimization': True, 'include': {}, 'exclude': {}, 'disable_file_output': False, 'instance': '{"task_id": "breast_cancer"}', 'init_params': {'instance': '{"task_id": "breast_cancer"}'}, 'resampling_strategy': 'holdout', 'resampling_strategy_args': {}}
[DEBUG] [2019-07-11 13:58:09,209:pynisher] call function
[DEBUG] [2019-07-11 13:58:09,839:autosklearn.util.backend] _make_internals_directory: [Errno 17] File exists: 'tmp/autosk_tmp/.auto-sklearn'
[DEBUG] [2019-07-11 13:58:09,841:pynisher] function returned properly: (None, 0)
[DEBUG] [2019-07-11 13:58:09,841:pynisher] return value: (None, 0)
[DEBUG] [2019-07-11 13:58:09,850:AutoMLSMBO(2)::breast_cancer] Return: Status: <StatusType.SUCCESS: 1>, cost: 0.894382, time: 0.637881, additional: {'duration': 0.609971284866333, 'num_run': 6, 'train_loss': 1.0, 'configuration_origin': 'Random Search'}
[INFO] [2019-07-11 13:58:09,852:smac.intensification.intensification.Intensifier] Updated estimated cost of incumbent on 1 runs: 0.1056
[INFO] [2019-07-11 13:58:09,852:smac.intensification.intensification.Intensifier] Updated estimated cost of incumbent on 1 runs: 0.1056
[DEBUG] [2019-07-11 13:58:09,853:root] Remaining budget: 18.848934 (wallclock), inf (ta costs), inf (target runs)
[DEBUG] [2019-07-11 13:58:09,853:smac.stats.stats.Stats] ##########################################################
[DEBUG] [2019-07-11 13:58:09,853:smac.stats.stats.Stats] Statistics:
[DEBUG] [2019-07-11 13:58:09,853:smac.stats.stats.Stats] #Incumbent changed: 2
[DEBUG] [2019-07-11 13:58:09,853:smac.stats.stats.Stats] #Target algorithm runs: 5 / inf
[DEBUG] [2019-07-11 13:58:09,853:smac.stats.stats.Stats] Used wallclock time: 4.84 / 23.69 sec 
[DEBUG] [2019-07-11 13:58:09,853:smac.stats.stats.Stats] Used target algorithm runtime: 2.85 / inf sec
[DEBUG] [2019-07-11 13:58:09,853:smac.stats.stats.Stats] Debug Statistics:
[DEBUG] [2019-07-11 13:58:09,853:smac.stats.stats.Stats] Average Configurations per Intensify: 4.00
[DEBUG] [2019-07-11 13:58:09,854:smac.stats.stats.Stats] Exponential Moving Average of Configurations per Intensify: 4.00
[DEBUG] [2019-07-11 13:58:09,854:smac.stats.stats.Stats] ##########################################################
[DEBUG] [2019-07-11 13:58:09,871:smac.runhistory.runhistory2epm.RunHistory2EPM4Cost] Transform runhistory into X,y format
[DEBUG] [2019-07-11 13:58:09,884:smac.runhistory.runhistory2epm.RunHistory2EPM4Cost] Converted 20 observations
[DEBUG] [2019-07-11 13:58:09,973:smac.optimizer.ei_optimization.LocalSearch] Local search took 1 steps and looked at 51 configurations. Computing the acquisition value for one configuration took 0.001023 seconds on average.
[DEBUG] [2019-07-11 13:58:10,011:smac.optimizer.ei_optimization.LocalSearch] Switch to one of the neighbors
[DEBUG] [2019-07-11 13:58:10,055:smac.optimizer.ei_optimization.LocalSearch] Local search took 2 steps and looked at 61 configurations. Computing the acquisition value for one configuration took 0.001033 seconds on average.
[DEBUG] [2019-07-11 13:58:10,061:smac.optimizer.ei_optimization.LocalSearch] Switch to one of the neighbors
[DEBUG] [2019-07-11 13:58:10,092:smac.optimizer.ei_optimization.LocalSearch] Switch to one of the neighbors
[DEBUG] [2019-07-11 13:58:10,149:smac.optimizer.ei_optimization.LocalSearch] Local search took 3 steps and looked at 71 configurations. Computing the acquisition value for one configuration took 0.001033 seconds on average.
[DEBUG] [2019-07-11 13:58:10,916:smac.optimizer.ei_optimization.InterleavedLocalAndRandomSearch] First 10 acq func (origin) values of selected configurations: [[0.08421698757957835, 'Random Search (sorted)'], [0.08421698757957835, 'Random Search (sorted)'], [0.08421698757957835, 'Random Search (sorted)'], [array([[0.08421699]]), 'Local Search'], [0.08348297680963923, 'Random Search (sorted)'], [array([0.08348298]), 'Local Search'], [0.0823973657574083, 'Random Search (sorted)'], [0.0823973657574083, 'Random Search (sorted)'], [0.0823973657574083, 'Random Search (sorted)'], [0.0823973657574083, 'Random Search (sorted)']]
[DEBUG] [2019-07-11 13:58:10,928:pynisher] Restricting your function to 1024 mb memory.
[DEBUG] [2019-07-11 13:58:10,928:pynisher] Restricting your function to 12 seconds wall time.
[DEBUG] [2019-07-11 13:58:10,928:pynisher] Allowing a grace period of 0 seconds.
[DEBUG] [2019-07-11 13:58:10,928:pynisher] Function called with argument: (), {'queue': <multiprocessing.queues.Queue object at 0x7f9eb86bc550>, 'config': Configuration:
  balancing:strategy, Value: 'none'
  categorical_encoding:__choice__, Value: 'one_hot_encoding'
  categorical_encoding:one_hot_encoding:minimum_fraction, Value: 0.04109565048288273
  categorical_encoding:one_hot_encoding:use_minimum_fraction, Value: 'True'
  classifier:__choice__, Value: 'random_forest'
  classifier:random_forest:bootstrap, Value: 'False'
  classifier:random_forest:criterion, Value: 'entropy'
  classifier:random_forest:max_depth, Constant: 'None'
  classifier:random_forest:max_features, Value: 0.8642695281252957
  classifier:random_forest:max_leaf_nodes, Constant: 'None'
  classifier:random_forest:min_impurity_decrease, Constant: 0.0
  classifier:random_forest:min_samples_leaf, Value: 13
  classifier:random_forest:min_samples_split, Value: 2
  classifier:random_forest:min_weight_fraction_leaf, Constant: 0.0
  classifier:random_forest:n_estimators, Constant: 100
  imputation:strategy, Value: 'most_frequent'
  preprocessor:__choice__, Value: 'no_preprocessing'
  rescaling:__choice__, Value: 'normalize'
, 'backend': <autosklearn.util.backend.Backend object at 0x7f9ed689dbe0>, 'metric': accuracy, 'seed': 2, 'num_run': 7, 'all_scoring_functions': False, 'output_y_hat_optimization': True, 'include': {}, 'exclude': {}, 'disable_file_output': False, 'instance': '{"task_id": "breast_cancer"}', 'init_params': {'instance': '{"task_id": "breast_cancer"}'}, 'resampling_strategy': 'holdout', 'resampling_strategy_args': {}}
[DEBUG] [2019-07-11 13:58:10,933:pynisher] call function
[DEBUG] [2019-07-11 13:58:15,650:autosklearn.util.backend] _make_internals_directory: [Errno 17] File exists: 'tmp/autosk_tmp/.auto-sklearn'
[DEBUG] [2019-07-11 13:58:15,652:pynisher] function returned properly: (None, 0)
[DEBUG] [2019-07-11 13:58:15,652:pynisher] return value: (None, 0)
[DEBUG] [2019-07-11 13:58:15,660:AutoMLSMBO(2)::breast_cancer] Return: Status: <StatusType.SUCCESS: 1>, cost: 0.083146, time: 4.726374, additional: {'duration': 4.698896408081055, 'num_run': 7, 'train_loss': 0.02106430155210648, 'configuration_origin': 'Random Search (sorted)'}
[INFO] [2019-07-11 13:58:15,661:smac.intensification.intensification.Intensifier] Challenger (0.0831) is better than incumbent (0.1056) on 1 runs.
[INFO] [2019-07-11 13:58:15,661:smac.intensification.intensification.Intensifier] Challenger (0.0831) is better than incumbent (0.1056) on 1 runs.
[INFO] [2019-07-11 13:58:15,661:smac.intensification.intensification.Intensifier] Changes in incumbent:
[INFO] [2019-07-11 13:58:15,661:smac.intensification.intensification.Intensifier] Changes in incumbent:
[INFO] [2019-07-11 13:58:15,661:smac.intensification.intensification.Intensifier]   categorical_encoding:one_hot_encoding:minimum_fraction : 0.006223232577265658 -> 0.04109565048288273
[INFO] [2019-07-11 13:58:15,661:smac.intensification.intensification.Intensifier]   categorical_encoding:one_hot_encoding:minimum_fraction : 0.006223232577265658 -> 0.04109565048288273
[INFO] [2019-07-11 13:58:15,662:smac.intensification.intensification.Intensifier]   classifier:__choice__ : 'lda' -> 'random_forest'
[INFO] [2019-07-11 13:58:15,662:smac.intensification.intensification.Intensifier]   classifier:__choice__ : 'lda' -> 'random_forest'
[INFO] [2019-07-11 13:58:15,662:smac.intensification.intensification.Intensifier]   classifier:random_forest:bootstrap : None -> 'False'
[INFO] [2019-07-11 13:58:15,662:smac.intensification.intensification.Intensifier]   classifier:random_forest:bootstrap : None -> 'False'
[INFO] [2019-07-11 13:58:15,662:smac.intensification.intensification.Intensifier]   classifier:random_forest:criterion : None -> 'entropy'
[INFO] [2019-07-11 13:58:15,662:smac.intensification.intensification.Intensifier]   classifier:random_forest:criterion : None -> 'entropy'
[INFO] [2019-07-11 13:58:15,662:smac.intensification.intensification.Intensifier]   classifier:random_forest:max_depth : None -> 'None'
[INFO] [2019-07-11 13:58:15,662:smac.intensification.intensification.Intensifier]   classifier:random_forest:max_depth : None -> 'None'
[INFO] [2019-07-11 13:58:15,662:smac.intensification.intensification.Intensifier]   classifier:random_forest:max_features : None -> 0.8642695281252957
[INFO] [2019-07-11 13:58:15,662:smac.intensification.intensification.Intensifier]   classifier:random_forest:max_features : None -> 0.8642695281252957
[INFO] [2019-07-11 13:58:15,662:smac.intensification.intensification.Intensifier]   classifier:random_forest:max_leaf_nodes : None -> 'None'
[INFO] [2019-07-11 13:58:15,662:smac.intensification.intensification.Intensifier]   classifier:random_forest:max_leaf_nodes : None -> 'None'
[INFO] [2019-07-11 13:58:15,662:smac.intensification.intensification.Intensifier]   classifier:random_forest:min_impurity_decrease : None -> 0.0
[INFO] [2019-07-11 13:58:15,662:smac.intensification.intensification.Intensifier]   classifier:random_forest:min_impurity_decrease : None -> 0.0
[INFO] [2019-07-11 13:58:15,662:smac.intensification.intensification.Intensifier]   classifier:random_forest:min_samples_leaf : None -> 13
[INFO] [2019-07-11 13:58:15,662:smac.intensification.intensification.Intensifier]   classifier:random_forest:min_samples_leaf : None -> 13
[INFO] [2019-07-11 13:58:15,662:smac.intensification.intensification.Intensifier]   classifier:random_forest:min_samples_split : None -> 2
[INFO] [2019-07-11 13:58:15,662:smac.intensification.intensification.Intensifier]   classifier:random_forest:min_samples_split : None -> 2
[INFO] [2019-07-11 13:58:15,662:smac.intensification.intensification.Intensifier]   classifier:random_forest:min_weight_fraction_leaf : None -> 0.0
[INFO] [2019-07-11 13:58:15,662:smac.intensification.intensification.Intensifier]   classifier:random_forest:min_weight_fraction_leaf : None -> 0.0
[INFO] [2019-07-11 13:58:15,662:smac.intensification.intensification.Intensifier]   classifier:random_forest:n_estimators : None -> 100
[INFO] [2019-07-11 13:58:15,662:smac.intensification.intensification.Intensifier]   classifier:random_forest:n_estimators : None -> 100
[INFO] [2019-07-11 13:58:15,662:smac.intensification.intensification.Intensifier]   imputation:strategy : 'median' -> 'most_frequent'
[INFO] [2019-07-11 13:58:15,662:smac.intensification.intensification.Intensifier]   imputation:strategy : 'median' -> 'most_frequent'
[INFO] [2019-07-11 13:58:15,662:smac.intensification.intensification.Intensifier]   preprocessor:__choice__ : 'extra_trees_preproc_for_classification' -> 'no_preprocessing'
[INFO] [2019-07-11 13:58:15,662:smac.intensification.intensification.Intensifier]   preprocessor:__choice__ : 'extra_trees_preproc_for_classification' -> 'no_preprocessing'
[INFO] [2019-07-11 13:58:15,662:smac.intensification.intensification.Intensifier]   rescaling:__choice__ : 'quantile_transformer' -> 'normalize'
[INFO] [2019-07-11 13:58:15,662:smac.intensification.intensification.Intensifier]   rescaling:__choice__ : 'quantile_transformer' -> 'normalize'
[DEBUG] [2019-07-11 13:58:15,667:pynisher] Restricting your function to 1024 mb memory.
[DEBUG] [2019-07-11 13:58:15,667:pynisher] Restricting your function to 8 seconds wall time.
[DEBUG] [2019-07-11 13:58:15,667:pynisher] Allowing a grace period of 0 seconds.
[DEBUG] [2019-07-11 13:58:15,667:pynisher] Function called with argument: (), {'queue': <multiprocessing.queues.Queue object at 0x7f9eb86bc518>, 'config': Configuration:
  balancing:strategy, Value: 'none'
  categorical_encoding:__choice__, Value: 'one_hot_encoding'
  categorical_encoding:one_hot_encoding:minimum_fraction, Value: 0.0012626442172222945
  categorical_encoding:one_hot_encoding:use_minimum_fraction, Value: 'True'
  classifier:__choice__, Value: 'extra_trees'
  classifier:extra_trees:bootstrap, Value: 'False'
  classifier:extra_trees:criterion, Value: 'entropy'
  classifier:extra_trees:max_depth, Constant: 'None'
  classifier:extra_trees:max_features, Value: 0.8640923465803795
  classifier:extra_trees:max_leaf_nodes, Constant: 'None'
  classifier:extra_trees:min_impurity_decrease, Constant: 0.0
  classifier:extra_trees:min_samples_leaf, Value: 10
  classifier:extra_trees:min_samples_split, Value: 8
  classifier:extra_trees:min_weight_fraction_leaf, Constant: 0.0
  classifier:extra_trees:n_estimators, Constant: 100
  imputation:strategy, Value: 'mean'
  preprocessor:__choice__, Value: 'feature_agglomeration'
  preprocessor:feature_agglomeration:affinity, Value: 'cosine'
  preprocessor:feature_agglomeration:linkage, Value: 'complete'
  preprocessor:feature_agglomeration:n_clusters, Value: 391
  preprocessor:feature_agglomeration:pooling_func, Value: 'mean'
  rescaling:__choice__, Value: 'none'
, 'backend': <autosklearn.util.backend.Backend object at 0x7f9ed689dbe0>, 'metric': accuracy, 'seed': 2, 'num_run': 8, 'all_scoring_functions': False, 'output_y_hat_optimization': True, 'include': {}, 'exclude': {}, 'disable_file_output': False, 'instance': '{"task_id": "breast_cancer"}', 'init_params': {'instance': '{"task_id": "breast_cancer"}'}, 'resampling_strategy': 'holdout', 'resampling_strategy_args': {}}
[DEBUG] [2019-07-11 13:58:15,672:pynisher] call function
[DEBUG] [2019-07-11 13:58:16,333:autosklearn.util.backend] _make_internals_directory: [Errno 17] File exists: 'tmp/autosk_tmp/.auto-sklearn'
[DEBUG] [2019-07-11 13:58:16,335:pynisher] function returned properly: (None, 0)
[DEBUG] [2019-07-11 13:58:16,335:pynisher] return value: (None, 0)
[DEBUG] [2019-07-11 13:58:16,343:AutoMLSMBO(2)::breast_cancer] Return: Status: <StatusType.SUCCESS: 1>, cost: 0.044944, time: 0.671360, additional: {'duration': 0.6426374912261963, 'num_run': 8, 'train_loss': 0.009977827050997812, 'configuration_origin': 'Random Search'}
[INFO] [2019-07-11 13:58:16,344:smac.intensification.intensification.Intensifier] Challenger (0.0449) is better than incumbent (0.0831) on 1 runs.
[INFO] [2019-07-11 13:58:16,344:smac.intensification.intensification.Intensifier] Challenger (0.0449) is better than incumbent (0.0831) on 1 runs.
[INFO] [2019-07-11 13:58:16,345:smac.intensification.intensification.Intensifier] Changes in incumbent:
[INFO] [2019-07-11 13:58:16,345:smac.intensification.intensification.Intensifier] Changes in incumbent:
[INFO] [2019-07-11 13:58:16,345:smac.intensification.intensification.Intensifier]   categorical_encoding:one_hot_encoding:minimum_fraction : 0.04109565048288273 -> 0.0012626442172222945
[INFO] [2019-07-11 13:58:16,345:smac.intensification.intensification.Intensifier]   categorical_encoding:one_hot_encoding:minimum_fraction : 0.04109565048288273 -> 0.0012626442172222945
[INFO] [2019-07-11 13:58:16,345:smac.intensification.intensification.Intensifier]   classifier:__choice__ : 'random_forest' -> 'extra_trees'
[INFO] [2019-07-11 13:58:16,345:smac.intensification.intensification.Intensifier]   classifier:__choice__ : 'random_forest' -> 'extra_trees'
[INFO] [2019-07-11 13:58:16,345:smac.intensification.intensification.Intensifier]   classifier:extra_trees:bootstrap : None -> 'False'
[INFO] [2019-07-11 13:58:16,345:smac.intensification.intensification.Intensifier]   classifier:extra_trees:bootstrap : None -> 'False'
[INFO] [2019-07-11 13:58:16,345:smac.intensification.intensification.Intensifier]   classifier:extra_trees:criterion : None -> 'entropy'
[INFO] [2019-07-11 13:58:16,345:smac.intensification.intensification.Intensifier]   classifier:extra_trees:criterion : None -> 'entropy'
[INFO] [2019-07-11 13:58:16,345:smac.intensification.intensification.Intensifier]   classifier:extra_trees:max_depth : None -> 'None'
[INFO] [2019-07-11 13:58:16,345:smac.intensification.intensification.Intensifier]   classifier:extra_trees:max_depth : None -> 'None'
[INFO] [2019-07-11 13:58:16,345:smac.intensification.intensification.Intensifier]   classifier:extra_trees:max_features : None -> 0.8640923465803795
[INFO] [2019-07-11 13:58:16,345:smac.intensification.intensification.Intensifier]   classifier:extra_trees:max_features : None -> 0.8640923465803795
[INFO] [2019-07-11 13:58:16,345:smac.intensification.intensification.Intensifier]   classifier:extra_trees:max_leaf_nodes : None -> 'None'
[INFO] [2019-07-11 13:58:16,345:smac.intensification.intensification.Intensifier]   classifier:extra_trees:max_leaf_nodes : None -> 'None'
[INFO] [2019-07-11 13:58:16,345:smac.intensification.intensification.Intensifier]   classifier:extra_trees:min_impurity_decrease : None -> 0.0
[INFO] [2019-07-11 13:58:16,345:smac.intensification.intensification.Intensifier]   classifier:extra_trees:min_impurity_decrease : None -> 0.0
[INFO] [2019-07-11 13:58:16,346:smac.intensification.intensification.Intensifier]   classifier:extra_trees:min_samples_leaf : None -> 10
[INFO] [2019-07-11 13:58:16,346:smac.intensification.intensification.Intensifier]   classifier:extra_trees:min_samples_leaf : None -> 10
[INFO] [2019-07-11 13:58:16,346:smac.intensification.intensification.Intensifier]   classifier:extra_trees:min_samples_split : None -> 8
[INFO] [2019-07-11 13:58:16,346:smac.intensification.intensification.Intensifier]   classifier:extra_trees:min_samples_split : None -> 8
[INFO] [2019-07-11 13:58:16,346:smac.intensification.intensification.Intensifier]   classifier:extra_trees:min_weight_fraction_leaf : None -> 0.0
[INFO] [2019-07-11 13:58:16,346:smac.intensification.intensification.Intensifier]   classifier:extra_trees:min_weight_fraction_leaf : None -> 0.0
[INFO] [2019-07-11 13:58:16,346:smac.intensification.intensification.Intensifier]   classifier:extra_trees:n_estimators : None -> 100
[INFO] [2019-07-11 13:58:16,346:smac.intensification.intensification.Intensifier]   classifier:extra_trees:n_estimators : None -> 100
[INFO] [2019-07-11 13:58:16,346:smac.intensification.intensification.Intensifier]   imputation:strategy : 'most_frequent' -> 'mean'
[INFO] [2019-07-11 13:58:16,346:smac.intensification.intensification.Intensifier]   imputation:strategy : 'most_frequent' -> 'mean'
[INFO] [2019-07-11 13:58:16,346:smac.intensification.intensification.Intensifier]   preprocessor:__choice__ : 'no_preprocessing' -> 'feature_agglomeration'
[INFO] [2019-07-11 13:58:16,346:smac.intensification.intensification.Intensifier]   preprocessor:__choice__ : 'no_preprocessing' -> 'feature_agglomeration'
[INFO] [2019-07-11 13:58:16,346:smac.intensification.intensification.Intensifier]   preprocessor:feature_agglomeration:affinity : None -> 'cosine'
[INFO] [2019-07-11 13:58:16,346:smac.intensification.intensification.Intensifier]   preprocessor:feature_agglomeration:affinity : None -> 'cosine'
[INFO] [2019-07-11 13:58:16,346:smac.intensification.intensification.Intensifier]   preprocessor:feature_agglomeration:linkage : None -> 'complete'
[INFO] [2019-07-11 13:58:16,346:smac.intensification.intensification.Intensifier]   preprocessor:feature_agglomeration:linkage : None -> 'complete'
[INFO] [2019-07-11 13:58:16,346:smac.intensification.intensification.Intensifier]   preprocessor:feature_agglomeration:n_clusters : None -> 391
[INFO] [2019-07-11 13:58:16,346:smac.intensification.intensification.Intensifier]   preprocessor:feature_agglomeration:n_clusters : None -> 391
[INFO] [2019-07-11 13:58:16,346:smac.intensification.intensification.Intensifier]   preprocessor:feature_agglomeration:pooling_func : None -> 'mean'
[INFO] [2019-07-11 13:58:16,346:smac.intensification.intensification.Intensifier]   preprocessor:feature_agglomeration:pooling_func : None -> 'mean'
[INFO] [2019-07-11 13:58:16,346:smac.intensification.intensification.Intensifier]   rescaling:__choice__ : 'normalize' -> 'none'
[INFO] [2019-07-11 13:58:16,346:smac.intensification.intensification.Intensifier]   rescaling:__choice__ : 'normalize' -> 'none'
[INFO] [2019-07-11 13:58:16,347:smac.intensification.intensification.Intensifier] Updated estimated cost of incumbent on 1 runs: 0.0449
[INFO] [2019-07-11 13:58:16,347:smac.intensification.intensification.Intensifier] Updated estimated cost of incumbent on 1 runs: 0.0449
[DEBUG] [2019-07-11 13:58:16,348:root] Remaining budget: 12.353860 (wallclock), inf (ta costs), inf (target runs)
[DEBUG] [2019-07-11 13:58:16,348:smac.stats.stats.Stats] ##########################################################
[DEBUG] [2019-07-11 13:58:16,348:smac.stats.stats.Stats] Statistics:
[DEBUG] [2019-07-11 13:58:16,348:smac.stats.stats.Stats] #Incumbent changed: 4
[DEBUG] [2019-07-11 13:58:16,348:smac.stats.stats.Stats] #Target algorithm runs: 7 / inf
[DEBUG] [2019-07-11 13:58:16,348:smac.stats.stats.Stats] Used wallclock time: 11.34 / 23.69 sec 
[DEBUG] [2019-07-11 13:58:16,348:smac.stats.stats.Stats] Used target algorithm runtime: 8.25 / inf sec
[DEBUG] [2019-07-11 13:58:16,349:smac.stats.stats.Stats] Debug Statistics:
[DEBUG] [2019-07-11 13:58:16,349:smac.stats.stats.Stats] Average Configurations per Intensify: 3.00
[DEBUG] [2019-07-11 13:58:16,349:smac.stats.stats.Stats] Exponential Moving Average of Configurations per Intensify: 3.60
[DEBUG] [2019-07-11 13:58:16,349:smac.stats.stats.Stats] ##########################################################
[DEBUG] [2019-07-11 13:58:16,369:smac.runhistory.runhistory2epm.RunHistory2EPM4Cost] Transform runhistory into X,y format
[DEBUG] [2019-07-11 13:58:16,384:smac.runhistory.runhistory2epm.RunHistory2EPM4Cost] Converted 22 observations
[DEBUG] [2019-07-11 13:58:16,442:smac.optimizer.ei_optimization.LocalSearch] Switch to one of the neighbors
[DEBUG] [2019-07-11 13:58:16,456:smac.optimizer.ei_optimization.LocalSearch] Switch to one of the neighbors
[DEBUG] [2019-07-11 13:58:16,540:smac.optimizer.ei_optimization.LocalSearch] Local search took 3 steps and looked at 96 configurations. Computing the acquisition value for one configuration took 0.001057 seconds on average.
[DEBUG] [2019-07-11 13:58:16,544:smac.optimizer.ei_optimization.LocalSearch] Switch to one of the neighbors
[DEBUG] [2019-07-11 13:58:16,548:smac.optimizer.ei_optimization.LocalSearch] Switch to one of the neighbors
[DEBUG] [2019-07-11 13:58:16,555:smac.optimizer.ei_optimization.LocalSearch] Switch to one of the neighbors
[DEBUG] [2019-07-11 13:58:16,618:smac.optimizer.ei_optimization.LocalSearch] Local search took 4 steps and looked at 54 configurations. Computing the acquisition value for one configuration took 0.001062 seconds on average.
[DEBUG] [2019-07-11 13:58:16,634:smac.optimizer.ei_optimization.LocalSearch] Switch to one of the neighbors
[DEBUG] [2019-07-11 13:58:16,645:smac.optimizer.ei_optimization.LocalSearch] Switch to one of the neighbors
[DEBUG] [2019-07-11 13:58:16,666:smac.optimizer.ei_optimization.LocalSearch] Switch to one of the neighbors
[DEBUG] [2019-07-11 13:58:16,710:smac.optimizer.ei_optimization.LocalSearch] Switch to one of the neighbors
[DEBUG] [2019-07-11 13:58:16,749:smac.optimizer.ei_optimization.LocalSearch] Switch to one of the neighbors
[DEBUG] [2019-07-11 13:58:16,841:smac.optimizer.ei_optimization.LocalSearch] Local search took 6 steps and looked at 164 configurations. Computing the acquisition value for one configuration took 0.001055 seconds on average.
[DEBUG] [2019-07-11 13:58:17,572:smac.optimizer.ei_optimization.InterleavedLocalAndRandomSearch] First 10 acq func (origin) values of selected configurations: [[0.06632789225528743, 'Random Search (sorted)'], [0.06632789225528743, 'Random Search (sorted)'], [0.06632789225528743, 'Random Search (sorted)'], [0.06632789225528743, 'Random Search (sorted)'], [array([[0.06632789]]), 'Local Search'], [0.06466547631391273, 'Random Search (sorted)'], [0.06466547631391273, 'Random Search (sorted)'], [0.06466547631391273, 'Random Search (sorted)'], [0.06412691199015097, 'Random Search (sorted)'], [0.06304085025578769, 'Random Search (sorted)']]
[DEBUG] [2019-07-11 13:58:17,584:pynisher] Restricting your function to 1024 mb memory.
[DEBUG] [2019-07-11 13:58:17,584:pynisher] Restricting your function to 6 seconds wall time.
[DEBUG] [2019-07-11 13:58:17,584:pynisher] Allowing a grace period of 0 seconds.
[DEBUG] [2019-07-11 13:58:17,584:pynisher] Function called with argument: (), {'queue': <multiprocessing.queues.Queue object at 0x7f9ed6a8cc18>, 'config': Configuration:
  balancing:strategy, Value: 'none'
  categorical_encoding:__choice__, Value: 'one_hot_encoding'
  categorical_encoding:one_hot_encoding:minimum_fraction, Value: 0.0001362702598958661
  categorical_encoding:one_hot_encoding:use_minimum_fraction, Value: 'True'
  classifier:__choice__, Value: 'passive_aggressive'
  classifier:passive_aggressive:C, Value: 0.6252735653359286
  classifier:passive_aggressive:average, Value: 'True'
  classifier:passive_aggressive:fit_intercept, Constant: 'True'
  classifier:passive_aggressive:loss, Value: 'hinge'
  classifier:passive_aggressive:tol, Value: 0.0005886349385729647
  imputation:strategy, Value: 'mean'
  preprocessor:__choice__, Value: 'pca'
  preprocessor:pca:keep_variance, Value: 0.7801116288459309
  preprocessor:pca:whiten, Value: 'False'
  rescaling:__choice__, Value: 'standardize'
, 'backend': <autosklearn.util.backend.Backend object at 0x7f9ed689dbe0>, 'metric': accuracy, 'seed': 2, 'num_run': 9, 'all_scoring_functions': False, 'output_y_hat_optimization': True, 'include': {}, 'exclude': {}, 'disable_file_output': False, 'instance': '{"task_id": "breast_cancer"}', 'init_params': {'instance': '{"task_id": "breast_cancer"}'}, 'resampling_strategy': 'holdout', 'resampling_strategy_args': {}}
[DEBUG] [2019-07-11 13:58:17,589:pynisher] call function
[DEBUG] [2019-07-11 13:58:17,914:autosklearn.util.backend] _make_internals_directory: [Errno 17] File exists: 'tmp/autosk_tmp/.auto-sklearn'
[DEBUG] [2019-07-11 13:58:17,916:pynisher] function returned properly: (None, 0)
[DEBUG] [2019-07-11 13:58:17,916:pynisher] return value: (None, 0)
[DEBUG] [2019-07-11 13:58:17,924:AutoMLSMBO(2)::breast_cancer] Return: Status: <StatusType.SUCCESS: 1>, cost: 0.074157, time: 0.334440, additional: {'duration': 0.3133864402770996, 'num_run': 9, 'train_loss': 0.053215077605321515, 'configuration_origin': 'Random Search (sorted)'}
[DEBUG] [2019-07-11 13:58:17,929:pynisher] Restricting your function to 1024 mb memory.
[DEBUG] [2019-07-11 13:58:17,929:pynisher] Restricting your function to 5 seconds wall time.
[DEBUG] [2019-07-11 13:58:17,929:pynisher] Allowing a grace period of 0 seconds.
[DEBUG] [2019-07-11 13:58:17,929:pynisher] Function called with argument: (), {'queue': <multiprocessing.queues.Queue object at 0x7f9ed6a8c630>, 'config': Configuration:
  balancing:strategy, Value: 'weighting'
  categorical_encoding:__choice__, Value: 'no_encoding'
  classifier:__choice__, Value: 'k_nearest_neighbors'
  classifier:k_nearest_neighbors:n_neighbors, Value: 13
  classifier:k_nearest_neighbors:p, Value: 1
  classifier:k_nearest_neighbors:weights, Value: 'uniform'
  imputation:strategy, Value: 'median'
  preprocessor:__choice__, Value: 'pca'
  preprocessor:pca:keep_variance, Value: 0.7450629036641758
  preprocessor:pca:whiten, Value: 'True'
  rescaling:__choice__, Value: 'normalize'
, 'backend': <autosklearn.util.backend.Backend object at 0x7f9ed689dbe0>, 'metric': accuracy, 'seed': 2, 'num_run': 10, 'all_scoring_functions': False, 'output_y_hat_optimization': True, 'include': {}, 'exclude': {}, 'disable_file_output': False, 'instance': '{"task_id": "breast_cancer"}', 'init_params': {'instance': '{"task_id": "breast_cancer"}'}, 'resampling_strategy': 'holdout', 'resampling_strategy_args': {}}
[DEBUG] [2019-07-11 13:58:17,933:pynisher] call function
[DEBUG] [2019-07-11 13:58:18,360:autosklearn.util.backend] _make_internals_directory: [Errno 17] File exists: 'tmp/autosk_tmp/.auto-sklearn'
[DEBUG] [2019-07-11 13:58:18,362:pynisher] function returned properly: (None, 0)
[DEBUG] [2019-07-11 13:58:18,362:pynisher] return value: (None, 0)
[DEBUG] [2019-07-11 13:58:18,369:AutoMLSMBO(2)::breast_cancer] Return: Status: <StatusType.SUCCESS: 1>, cost: 0.038202, time: 0.433402, additional: {'duration': 0.414592981338501, 'num_run': 10, 'train_loss': 0.03658536585365857, 'configuration_origin': 'Random Search'}
[INFO] [2019-07-11 13:58:18,371:smac.intensification.intensification.Intensifier] Challenger (0.0382) is better than incumbent (0.0449) on 1 runs.
[INFO] [2019-07-11 13:58:18,371:smac.intensification.intensification.Intensifier] Challenger (0.0382) is better than incumbent (0.0449) on 1 runs.
[INFO] [2019-07-11 13:58:18,371:smac.intensification.intensification.Intensifier] Changes in incumbent:
[INFO] [2019-07-11 13:58:18,371:smac.intensification.intensification.Intensifier] Changes in incumbent:
[INFO] [2019-07-11 13:58:18,371:smac.intensification.intensification.Intensifier]   balancing:strategy : 'none' -> 'weighting'
[INFO] [2019-07-11 13:58:18,371:smac.intensification.intensification.Intensifier]   balancing:strategy : 'none' -> 'weighting'
[INFO] [2019-07-11 13:58:18,371:smac.intensification.intensification.Intensifier]   categorical_encoding:__choice__ : 'one_hot_encoding' -> 'no_encoding'
[INFO] [2019-07-11 13:58:18,371:smac.intensification.intensification.Intensifier]   categorical_encoding:__choice__ : 'one_hot_encoding' -> 'no_encoding'
[INFO] [2019-07-11 13:58:18,371:smac.intensification.intensification.Intensifier]   classifier:__choice__ : 'extra_trees' -> 'k_nearest_neighbors'
[INFO] [2019-07-11 13:58:18,371:smac.intensification.intensification.Intensifier]   classifier:__choice__ : 'extra_trees' -> 'k_nearest_neighbors'
[INFO] [2019-07-11 13:58:18,371:smac.intensification.intensification.Intensifier]   classifier:k_nearest_neighbors:n_neighbors : None -> 13
[INFO] [2019-07-11 13:58:18,371:smac.intensification.intensification.Intensifier]   classifier:k_nearest_neighbors:n_neighbors : None -> 13
[INFO] [2019-07-11 13:58:18,371:smac.intensification.intensification.Intensifier]   classifier:k_nearest_neighbors:p : None -> 1
[INFO] [2019-07-11 13:58:18,371:smac.intensification.intensification.Intensifier]   classifier:k_nearest_neighbors:p : None -> 1
[INFO] [2019-07-11 13:58:18,371:smac.intensification.intensification.Intensifier]   classifier:k_nearest_neighbors:weights : None -> 'uniform'
[INFO] [2019-07-11 13:58:18,371:smac.intensification.intensification.Intensifier]   classifier:k_nearest_neighbors:weights : None -> 'uniform'
[INFO] [2019-07-11 13:58:18,371:smac.intensification.intensification.Intensifier]   imputation:strategy : 'mean' -> 'median'
[INFO] [2019-07-11 13:58:18,371:smac.intensification.intensification.Intensifier]   imputation:strategy : 'mean' -> 'median'
[INFO] [2019-07-11 13:58:18,372:smac.intensification.intensification.Intensifier]   preprocessor:__choice__ : 'feature_agglomeration' -> 'pca'
[INFO] [2019-07-11 13:58:18,372:smac.intensification.intensification.Intensifier]   preprocessor:__choice__ : 'feature_agglomeration' -> 'pca'
[INFO] [2019-07-11 13:58:18,372:smac.intensification.intensification.Intensifier]   preprocessor:pca:keep_variance : None -> 0.7450629036641758
[INFO] [2019-07-11 13:58:18,372:smac.intensification.intensification.Intensifier]   preprocessor:pca:keep_variance : None -> 0.7450629036641758
[INFO] [2019-07-11 13:58:18,372:smac.intensification.intensification.Intensifier]   preprocessor:pca:whiten : None -> 'True'
[INFO] [2019-07-11 13:58:18,372:smac.intensification.intensification.Intensifier]   preprocessor:pca:whiten : None -> 'True'
[INFO] [2019-07-11 13:58:18,372:smac.intensification.intensification.Intensifier]   rescaling:__choice__ : 'none' -> 'normalize'
[INFO] [2019-07-11 13:58:18,372:smac.intensification.intensification.Intensifier]   rescaling:__choice__ : 'none' -> 'normalize'
[DEBUG] [2019-07-11 13:58:18,374:pynisher] Restricting your function to 1024 mb memory.
[DEBUG] [2019-07-11 13:58:18,374:pynisher] Restricting your function to 5 seconds wall time.
[DEBUG] [2019-07-11 13:58:18,374:pynisher] Allowing a grace period of 0 seconds.
[DEBUG] [2019-07-11 13:58:18,374:pynisher] Function called with argument: (), {'queue': <multiprocessing.queues.Queue object at 0x7f9eb86bc128>, 'config': Configuration:
  balancing:strategy, Value: 'weighting'
  categorical_encoding:__choice__, Value: 'one_hot_encoding'
  categorical_encoding:one_hot_encoding:minimum_fraction, Value: 0.003981404367690959
  categorical_encoding:one_hot_encoding:use_minimum_fraction, Value: 'True'
  classifier:__choice__, Value: 'passive_aggressive'
  classifier:passive_aggressive:C, Value: 0.0031228862880408378
  classifier:passive_aggressive:average, Value: 'True'
  classifier:passive_aggressive:fit_intercept, Constant: 'True'
  classifier:passive_aggressive:loss, Value: 'hinge'
  classifier:passive_aggressive:tol, Value: 1.7597243847899766e-05
  imputation:strategy, Value: 'mean'
  preprocessor:__choice__, Value: 'extra_trees_preproc_for_classification'
  preprocessor:extra_trees_preproc_for_classification:bootstrap, Value: 'True'
  preprocessor:extra_trees_preproc_for_classification:criterion, Value: 'entropy'
  preprocessor:extra_trees_preproc_for_classification:max_depth, Constant: 'None'
  preprocessor:extra_trees_preproc_for_classification:max_features, Value: 0.3410757182668651
  preprocessor:extra_trees_preproc_for_classification:max_leaf_nodes, Constant: 'None'
  preprocessor:extra_trees_preproc_for_classification:min_impurity_decrease, Constant: 0.0
  preprocessor:extra_trees_preproc_for_classification:min_samples_leaf, Value: 3
  preprocessor:extra_trees_preproc_for_classification:min_samples_split, Value: 5
  preprocessor:extra_trees_preproc_for_classification:min_weight_fraction_leaf, Constant: 0.0
  preprocessor:extra_trees_preproc_for_classification:n_estimators, Constant: 100
  rescaling:__choice__, Value: 'standardize'
, 'backend': <autosklearn.util.backend.Backend object at 0x7f9ed689dbe0>, 'metric': accuracy, 'seed': 2, 'num_run': 11, 'all_scoring_functions': False, 'output_y_hat_optimization': True, 'include': {}, 'exclude': {}, 'disable_file_output': False, 'instance': '{"task_id": "breast_cancer"}', 'init_params': {'instance': '{"task_id": "breast_cancer"}'}, 'resampling_strategy': 'holdout', 'resampling_strategy_args': {}}
[DEBUG] [2019-07-11 13:58:18,378:pynisher] call function
[DEBUG] [2019-07-11 13:58:18,987:autosklearn.util.backend] _make_internals_directory: [Errno 17] File exists: 'tmp/autosk_tmp/.auto-sklearn'
[DEBUG] [2019-07-11 13:58:18,989:pynisher] function returned properly: (None, 0)
[DEBUG] [2019-07-11 13:58:18,989:pynisher] return value: (None, 0)
[DEBUG] [2019-07-11 13:58:18,997:AutoMLSMBO(2)::breast_cancer] Return: Status: <StatusType.SUCCESS: 1>, cost: 0.065169, time: 0.616371, additional: {'duration': 0.586907148361206, 'num_run': 11, 'train_loss': 0.0509977827050998, 'configuration_origin': 'Random Search (sorted)'}
[INFO] [2019-07-11 13:58:18,999:smac.intensification.intensification.Intensifier] Updated estimated cost of incumbent on 1 runs: 0.0382
[INFO] [2019-07-11 13:58:18,999:smac.intensification.intensification.Intensifier] Updated estimated cost of incumbent on 1 runs: 0.0382
[DEBUG] [2019-07-11 13:58:19,000:root] Remaining budget: 9.701753 (wallclock), inf (ta costs), inf (target runs)
[DEBUG] [2019-07-11 13:58:19,000:smac.stats.stats.Stats] ##########################################################
[DEBUG] [2019-07-11 13:58:19,000:smac.stats.stats.Stats] Statistics:
[DEBUG] [2019-07-11 13:58:19,000:smac.stats.stats.Stats] #Incumbent changed: 5
[DEBUG] [2019-07-11 13:58:19,000:smac.stats.stats.Stats] #Target algorithm runs: 10 / inf
[DEBUG] [2019-07-11 13:58:19,001:smac.stats.stats.Stats] Used wallclock time: 13.99 / 23.69 sec 
[DEBUG] [2019-07-11 13:58:19,001:smac.stats.stats.Stats] Used target algorithm runtime: 9.63 / inf sec
[DEBUG] [2019-07-11 13:58:19,001:smac.stats.stats.Stats] Debug Statistics:
[DEBUG] [2019-07-11 13:58:19,001:smac.stats.stats.Stats] Average Configurations per Intensify: 3.00
[DEBUG] [2019-07-11 13:58:19,001:smac.stats.stats.Stats] Exponential Moving Average of Configurations per Intensify: 3.48
[DEBUG] [2019-07-11 13:58:19,001:smac.stats.stats.Stats] ##########################################################
[DEBUG] [2019-07-11 13:58:19,023:smac.runhistory.runhistory2epm.RunHistory2EPM4Cost] Transform runhistory into X,y format
[DEBUG] [2019-07-11 13:58:19,039:smac.runhistory.runhistory2epm.RunHistory2EPM4Cost] Converted 25 observations
[DEBUG] [2019-07-11 13:58:19,088:smac.optimizer.ei_optimization.LocalSearch] Switch to one of the neighbors
[DEBUG] [2019-07-11 13:58:19,132:smac.optimizer.ei_optimization.LocalSearch] Local search took 2 steps and looked at 42 configurations. Computing the acquisition value for one configuration took 0.001048 seconds on average.
[DEBUG] [2019-07-11 13:58:19,144:smac.optimizer.ei_optimization.LocalSearch] Switch to one of the neighbors
[DEBUG] [2019-07-11 13:58:19,160:smac.optimizer.ei_optimization.LocalSearch] Switch to one of the neighbors
[DEBUG] [2019-07-11 13:58:19,168:smac.optimizer.ei_optimization.LocalSearch] Switch to one of the neighbors
[DEBUG] [2019-07-11 13:58:19,189:smac.optimizer.ei_optimization.LocalSearch] Switch to one of the neighbors
[DEBUG] [2019-07-11 13:58:19,216:smac.optimizer.ei_optimization.LocalSearch] Switch to one of the neighbors
[DEBUG] [2019-07-11 13:58:19,262:smac.optimizer.ei_optimization.LocalSearch] Switch to one of the neighbors
[DEBUG] [2019-07-11 13:58:19,296:smac.optimizer.ei_optimization.LocalSearch] Local search took 7 steps and looked at 117 configurations. Computing the acquisition value for one configuration took 0.001050 seconds on average.
[DEBUG] [2019-07-11 13:58:19,309:smac.optimizer.ei_optimization.LocalSearch] Switch to one of the neighbors
[DEBUG] [2019-07-11 13:58:19,323:smac.optimizer.ei_optimization.LocalSearch] Switch to one of the neighbors
[DEBUG] [2019-07-11 13:58:19,339:smac.optimizer.ei_optimization.LocalSearch] Switch to one of the neighbors
[DEBUG] [2019-07-11 13:58:19,369:smac.optimizer.ei_optimization.LocalSearch] Switch to one of the neighbors
[DEBUG] [2019-07-11 13:58:19,425:smac.optimizer.ei_optimization.LocalSearch] Local search took 5 steps and looked at 94 configurations. Computing the acquisition value for one configuration took 0.001059 seconds on average.
[DEBUG] [2019-07-11 13:58:20,150:smac.optimizer.ei_optimization.InterleavedLocalAndRandomSearch] First 10 acq func (origin) values of selected configurations: [[0.06795988925954236, 'Random Search (sorted)'], [0.06783776964053737, 'Random Search (sorted)'], [0.06783776964053737, 'Random Search (sorted)'], [array([[0.06783777]]), 'Local Search'], [0.06736047606388065, 'Random Search (sorted)'], [0.06726600074173825, 'Random Search (sorted)'], [0.0670122252257942, 'Random Search (sorted)'], [0.06688533263582169, 'Random Search (sorted)'], [0.06688533263582169, 'Random Search (sorted)'], [0.06688533263582169, 'Random Search (sorted)']]
[DEBUG] [2019-07-11 13:58:20,162:pynisher] Restricting your function to 1024 mb memory.
[DEBUG] [2019-07-11 13:58:20,162:pynisher] Restricting your function to 3 seconds wall time.
[DEBUG] [2019-07-11 13:58:20,162:pynisher] Allowing a grace period of 0 seconds.
[DEBUG] [2019-07-11 13:58:20,162:pynisher] Function called with argument: (), {'queue': <multiprocessing.queues.Queue object at 0x7f9eb86bc240>, 'config': Configuration:
  balancing:strategy, Value: 'weighting'
  categorical_encoding:__choice__, Value: 'one_hot_encoding'
  categorical_encoding:one_hot_encoding:minimum_fraction, Value: 0.0010243131137910157
  categorical_encoding:one_hot_encoding:use_minimum_fraction, Value: 'True'
  classifier:__choice__, Value: 'gaussian_nb'
  imputation:strategy, Value: 'mean'
  preprocessor:__choice__, Value: 'feature_agglomeration'
  preprocessor:feature_agglomeration:affinity, Value: 'euclidean'
  preprocessor:feature_agglomeration:linkage, Value: 'ward'
  preprocessor:feature_agglomeration:n_clusters, Value: 239
  preprocessor:feature_agglomeration:pooling_func, Value: 'median'
  rescaling:__choice__, Value: 'standardize'
, 'backend': <autosklearn.util.backend.Backend object at 0x7f9ed689dbe0>, 'metric': accuracy, 'seed': 2, 'num_run': 12, 'all_scoring_functions': False, 'output_y_hat_optimization': True, 'include': {}, 'exclude': {}, 'disable_file_output': False, 'instance': '{"task_id": "breast_cancer"}', 'init_params': {'instance': '{"task_id": "breast_cancer"}'}, 'resampling_strategy': 'holdout', 'resampling_strategy_args': {}}
[DEBUG] [2019-07-11 13:58:20,167:pynisher] call function
[DEBUG] [2019-07-11 13:58:20,601:autosklearn.util.backend] _make_internals_directory: [Errno 17] File exists: 'tmp/autosk_tmp/.auto-sklearn'
[DEBUG] [2019-07-11 13:58:20,603:pynisher] function returned properly: (None, 0)
[DEBUG] [2019-07-11 13:58:20,603:pynisher] return value: (None, 0)
[DEBUG] [2019-07-11 13:58:20,611:AutoMLSMBO(2)::breast_cancer] Return: Status: <StatusType.SUCCESS: 1>, cost: 0.134831, time: 0.444140, additional: {'duration': 0.4211409091949463, 'num_run': 12, 'train_loss': 0.1452328159645233, 'configuration_origin': 'Random Search (sorted)'}
[DEBUG] [2019-07-11 13:58:20,616:pynisher] Restricting your function to 1024 mb memory.
[DEBUG] [2019-07-11 13:58:20,616:pynisher] Restricting your function to 3 seconds wall time.
[DEBUG] [2019-07-11 13:58:20,616:pynisher] Allowing a grace period of 0 seconds.
[DEBUG] [2019-07-11 13:58:20,616:pynisher] Function called with argument: (), {'queue': <multiprocessing.queues.Queue object at 0x7f9ee44dc278>, 'config': Configuration:
  balancing:strategy, Value: 'none'
  categorical_encoding:__choice__, Value: 'one_hot_encoding'
  categorical_encoding:one_hot_encoding:minimum_fraction, Value: 0.002560812445809978
  categorical_encoding:one_hot_encoding:use_minimum_fraction, Value: 'True'
  classifier:__choice__, Value: 'passive_aggressive'
  classifier:passive_aggressive:C, Value: 0.015925824584478793
  classifier:passive_aggressive:average, Value: 'False'
  classifier:passive_aggressive:fit_intercept, Constant: 'True'
  classifier:passive_aggressive:loss, Value: 'hinge'
  classifier:passive_aggressive:tol, Value: 0.044275996553716446
  imputation:strategy, Value: 'median'
  preprocessor:__choice__, Value: 'no_preprocessing'
  rescaling:__choice__, Value: 'minmax'
, 'backend': <autosklearn.util.backend.Backend object at 0x7f9ed689dbe0>, 'metric': accuracy, 'seed': 2, 'num_run': 13, 'all_scoring_functions': False, 'output_y_hat_optimization': True, 'include': {}, 'exclude': {}, 'disable_file_output': False, 'instance': '{"task_id": "breast_cancer"}', 'init_params': {'instance': '{"task_id": "breast_cancer"}'}, 'resampling_strategy': 'holdout', 'resampling_strategy_args': {}}
[DEBUG] [2019-07-11 13:58:20,621:pynisher] call function
[DEBUG] [2019-07-11 13:58:20,940:autosklearn.util.backend] _make_internals_directory: [Errno 17] File exists: 'tmp/autosk_tmp/.auto-sklearn'
[DEBUG] [2019-07-11 13:58:20,942:pynisher] function returned properly: (None, 0)
[DEBUG] [2019-07-11 13:58:20,942:pynisher] return value: (None, 0)
[DEBUG] [2019-07-11 13:58:20,950:AutoMLSMBO(2)::breast_cancer] Return: Status: <StatusType.SUCCESS: 1>, cost: 0.047191, time: 0.326301, additional: {'duration': 0.3073618412017822, 'num_run': 13, 'train_loss': 0.045454545454545414, 'configuration_origin': 'Random Search'}
[DEBUG] [2019-07-11 13:58:20,953:pynisher] Restricting your function to 1024 mb memory.
[DEBUG] [2019-07-11 13:58:20,953:pynisher] Restricting your function to 2 seconds wall time.
[DEBUG] [2019-07-11 13:58:20,953:pynisher] Allowing a grace period of 0 seconds.
[DEBUG] [2019-07-11 13:58:20,954:pynisher] Function called with argument: (), {'queue': <multiprocessing.queues.Queue object at 0x7f9ee44dc278>, 'config': Configuration:
  balancing:strategy, Value: 'weighting'
  categorical_encoding:__choice__, Value: 'one_hot_encoding'
  categorical_encoding:one_hot_encoding:minimum_fraction, Value: 0.00012496943864053324
  categorical_encoding:one_hot_encoding:use_minimum_fraction, Value: 'True'
  classifier:__choice__, Value: 'k_nearest_neighbors'
  classifier:k_nearest_neighbors:n_neighbors, Value: 3
  classifier:k_nearest_neighbors:p, Value: 1
  classifier:k_nearest_neighbors:weights, Value: 'uniform'
  imputation:strategy, Value: 'most_frequent'
  preprocessor:__choice__, Value: 'pca'
  preprocessor:pca:keep_variance, Value: 0.7138820013507697
  preprocessor:pca:whiten, Value: 'False'
  rescaling:__choice__, Value: 'standardize'
, 'backend': <autosklearn.util.backend.Backend object at 0x7f9ed689dbe0>, 'metric': accuracy, 'seed': 2, 'num_run': 14, 'all_scoring_functions': False, 'output_y_hat_optimization': True, 'include': {}, 'exclude': {}, 'disable_file_output': False, 'instance': '{"task_id": "breast_cancer"}', 'init_params': {'instance': '{"task_id": "breast_cancer"}'}, 'resampling_strategy': 'holdout', 'resampling_strategy_args': {}}
[DEBUG] [2019-07-11 13:58:20,957:pynisher] call function
[DEBUG] [2019-07-11 13:58:21,396:autosklearn.util.backend] _make_internals_directory: [Errno 17] File exists: 'tmp/autosk_tmp/.auto-sklearn'
[DEBUG] [2019-07-11 13:58:21,398:pynisher] function returned properly: (None, 0)
[DEBUG] [2019-07-11 13:58:21,398:pynisher] return value: (None, 0)
[DEBUG] [2019-07-11 13:58:21,406:AutoMLSMBO(2)::breast_cancer] Return: Status: <StatusType.SUCCESS: 1>, cost: 0.042697, time: 0.445164, additional: {'duration': 0.42606019973754883, 'num_run': 14, 'train_loss': 0.0254988913525499, 'configuration_origin': 'Random Search (sorted)'}
[INFO] [2019-07-11 13:58:21,407:smac.intensification.intensification.Intensifier] Updated estimated cost of incumbent on 1 runs: 0.0382
[INFO] [2019-07-11 13:58:21,407:smac.intensification.intensification.Intensifier] Updated estimated cost of incumbent on 1 runs: 0.0382
[DEBUG] [2019-07-11 13:58:21,409:root] Remaining budget: 7.292703 (wallclock), inf (ta costs), inf (target runs)
[DEBUG] [2019-07-11 13:58:21,409:smac.stats.stats.Stats] ##########################################################
[DEBUG] [2019-07-11 13:58:21,409:smac.stats.stats.Stats] Statistics:
[DEBUG] [2019-07-11 13:58:21,409:smac.stats.stats.Stats] #Incumbent changed: 5
[DEBUG] [2019-07-11 13:58:21,410:smac.stats.stats.Stats] #Target algorithm runs: 13 / inf
[DEBUG] [2019-07-11 13:58:21,410:smac.stats.stats.Stats] Used wallclock time: 16.40 / 23.69 sec 
[DEBUG] [2019-07-11 13:58:21,410:smac.stats.stats.Stats] Used target algorithm runtime: 10.85 / inf sec
[DEBUG] [2019-07-11 13:58:21,410:smac.stats.stats.Stats] Debug Statistics:
[DEBUG] [2019-07-11 13:58:21,410:smac.stats.stats.Stats] Average Configurations per Intensify: 3.00
[DEBUG] [2019-07-11 13:58:21,410:smac.stats.stats.Stats] Exponential Moving Average of Configurations per Intensify: 3.38
[DEBUG] [2019-07-11 13:58:21,410:smac.stats.stats.Stats] ##########################################################
[DEBUG] [2019-07-11 13:58:21,435:smac.runhistory.runhistory2epm.RunHistory2EPM4Cost] Transform runhistory into X,y format
[DEBUG] [2019-07-11 13:58:21,454:smac.runhistory.runhistory2epm.RunHistory2EPM4Cost] Converted 28 observations
[DEBUG] [2019-07-11 13:58:21,517:smac.optimizer.ei_optimization.LocalSearch] Switch to one of the neighbors
[DEBUG] [2019-07-11 13:58:21,521:smac.optimizer.ei_optimization.LocalSearch] Switch to one of the neighbors
[DEBUG] [2019-07-11 13:58:21,541:smac.optimizer.ei_optimization.LocalSearch] Switch to one of the neighbors
[DEBUG] [2019-07-11 13:58:21,594:smac.optimizer.ei_optimization.LocalSearch] Local search took 4 steps and looked at 74 configurations. Computing the acquisition value for one configuration took 0.001043 seconds on average.
[DEBUG] [2019-07-11 13:58:21,599:smac.optimizer.ei_optimization.LocalSearch] Switch to one of the neighbors
[DEBUG] [2019-07-11 13:58:21,626:smac.optimizer.ei_optimization.LocalSearch] Switch to one of the neighbors
[DEBUG] [2019-07-11 13:58:21,641:smac.optimizer.ei_optimization.LocalSearch] Switch to one of the neighbors
[DEBUG] [2019-07-11 13:58:21,647:smac.optimizer.ei_optimization.LocalSearch] Switch to one of the neighbors
[DEBUG] [2019-07-11 13:58:21,689:smac.optimizer.ei_optimization.LocalSearch] Local search took 5 steps and looked at 65 configurations. Computing the acquisition value for one configuration took 0.001041 seconds on average.
[DEBUG] [2019-07-11 13:58:21,703:smac.optimizer.ei_optimization.LocalSearch] Switch to one of the neighbors
[DEBUG] [2019-07-11 13:58:21,732:smac.optimizer.ei_optimization.LocalSearch] Switch to one of the neighbors
[DEBUG] [2019-07-11 13:58:21,737:smac.optimizer.ei_optimization.LocalSearch] Switch to one of the neighbors
[DEBUG] [2019-07-11 13:58:21,780:smac.optimizer.ei_optimization.LocalSearch] Local search took 4 steps and looked at 64 configurations. Computing the acquisition value for one configuration took 0.001068 seconds on average.
[DEBUG] [2019-07-11 13:58:22,491:smac.optimizer.ei_optimization.InterleavedLocalAndRandomSearch] First 10 acq func (origin) values of selected configurations: [[0.07478164092574008, 'Random Search (sorted)'], [0.07386402366653005, 'Random Search (sorted)'], [0.07386402366653005, 'Random Search (sorted)'], [0.07320092387939167, 'Random Search (sorted)'], [0.07320092387939167, 'Random Search (sorted)'], [0.07320092387939167, 'Random Search (sorted)'], [0.07320092387939167, 'Random Search (sorted)'], [0.07320092387939167, 'Random Search (sorted)'], [0.07249598821067764, 'Random Search (sorted)'], [0.07238998589205371, 'Random Search (sorted)']]
[DEBUG] [2019-07-11 13:58:22,503:pynisher] Restricting your function to 1024 mb memory.
[DEBUG] [2019-07-11 13:58:22,503:pynisher] Restricting your function to 1 seconds wall time.
[DEBUG] [2019-07-11 13:58:22,503:pynisher] Allowing a grace period of 0 seconds.
[DEBUG] [2019-07-11 13:58:22,503:pynisher] Function called with argument: (), {'queue': <multiprocessing.queues.Queue object at 0x7f9ed6a8c630>, 'config': Configuration:
  balancing:strategy, Value: 'none'
  categorical_encoding:__choice__, Value: 'one_hot_encoding'
  categorical_encoding:one_hot_encoding:minimum_fraction, Value: 0.04904945013136142
  categorical_encoding:one_hot_encoding:use_minimum_fraction, Value: 'True'
  classifier:__choice__, Value: 'k_nearest_neighbors'
  classifier:k_nearest_neighbors:n_neighbors, Value: 30
  classifier:k_nearest_neighbors:p, Value: 2
  classifier:k_nearest_neighbors:weights, Value: 'uniform'
  imputation:strategy, Value: 'median'
  preprocessor:__choice__, Value: 'select_percentile_classification'
  preprocessor:select_percentile_classification:percentile, Value: 81.19204125317465
  preprocessor:select_percentile_classification:score_func, Value: 'mutual_info'
  rescaling:__choice__, Value: 'minmax'
, 'backend': <autosklearn.util.backend.Backend object at 0x7f9ed689dbe0>, 'metric': accuracy, 'seed': 2, 'num_run': 15, 'all_scoring_functions': False, 'output_y_hat_optimization': True, 'include': {}, 'exclude': {}, 'disable_file_output': False, 'instance': '{"task_id": "breast_cancer"}', 'init_params': {'instance': '{"task_id": "breast_cancer"}'}, 'resampling_strategy': 'holdout', 'resampling_strategy_args': {}}
[DEBUG] [2019-07-11 13:58:22,508:pynisher] call function
[DEBUG] [2019-07-11 13:58:24,513:AutoMLSMBO(2)::breast_cancer] Return: Status: <StatusType.TIMEOUT: 2>, cost: 1.000000, time: 1.003675, additional: {'error': 'Timeout', 'configuration_origin': 'Random Search (sorted)'}
[DEBUG] [2019-07-11 13:58:24,521:root] Remaining budget: 4.180750 (wallclock), inf (ta costs), inf (target runs)
[DEBUG] [2019-07-11 13:58:24,521:smac.stats.stats.Stats] ##########################################################
[DEBUG] [2019-07-11 13:58:24,521:smac.stats.stats.Stats] Statistics:
[DEBUG] [2019-07-11 13:58:24,521:smac.stats.stats.Stats] #Incumbent changed: 5
[DEBUG] [2019-07-11 13:58:24,522:smac.stats.stats.Stats] #Target algorithm runs: 14 / inf
[DEBUG] [2019-07-11 13:58:24,522:smac.stats.stats.Stats] Used wallclock time: 19.51 / 23.69 sec 
[DEBUG] [2019-07-11 13:58:24,522:smac.stats.stats.Stats] Used target algorithm runtime: 11.85 / inf sec
[DEBUG] [2019-07-11 13:58:24,522:smac.stats.stats.Stats] Debug Statistics:
[DEBUG] [2019-07-11 13:58:24,522:smac.stats.stats.Stats] Average Configurations per Intensify: 3.00
[DEBUG] [2019-07-11 13:58:24,522:smac.stats.stats.Stats] Exponential Moving Average of Configurations per Intensify: 3.38
[DEBUG] [2019-07-11 13:58:24,522:smac.stats.stats.Stats] ##########################################################
[DEBUG] [2019-07-11 13:58:24,547:smac.runhistory.runhistory2epm.RunHistory2EPM4Cost] Transform runhistory into X,y format
[DEBUG] [2019-07-11 13:58:24,567:smac.runhistory.runhistory2epm.RunHistory2EPM4Cost] Converted 29 observations
[DEBUG] [2019-07-11 13:58:24,672:smac.optimizer.ei_optimization.LocalSearch] Local search took 1 steps and looked at 50 configurations. Computing the acquisition value for one configuration took 0.001051 seconds on average.
[DEBUG] [2019-07-11 13:58:24,690:smac.optimizer.ei_optimization.LocalSearch] Switch to one of the neighbors
[DEBUG] [2019-07-11 13:58:24,698:smac.optimizer.ei_optimization.LocalSearch] Switch to one of the neighbors
[DEBUG] [2019-07-11 13:58:24,781:smac.optimizer.ei_optimization.LocalSearch] Local search took 3 steps and looked at 81 configurations. Computing the acquisition value for one configuration took 0.001052 seconds on average.
[DEBUG] [2019-07-11 13:58:24,798:smac.optimizer.ei_optimization.LocalSearch] Switch to one of the neighbors
[DEBUG] [2019-07-11 13:58:24,856:smac.optimizer.ei_optimization.LocalSearch] Local search took 2 steps and looked at 56 configurations. Computing the acquisition value for one configuration took 0.001058 seconds on average.
[DEBUG] [2019-07-11 13:58:25,613:smac.optimizer.ei_optimization.InterleavedLocalAndRandomSearch] First 10 acq func (origin) values of selected configurations: [[0.06987384280249072, 'Random Search (sorted)'], [0.06987384280249072, 'Random Search (sorted)'], [0.06987384280249072, 'Random Search (sorted)'], [0.06916378069919821, 'Random Search (sorted)'], [0.06916378069919821, 'Random Search (sorted)'], [0.0691258947926886, 'Random Search (sorted)'], [0.06814421508994886, 'Random Search (sorted)'], [0.06814421508994886, 'Random Search (sorted)'], [0.06814421508994886, 'Random Search (sorted)'], [0.06814421508994886, 'Random Search (sorted)']]
[DEBUG] [2019-07-11 13:58:25,625:root] Remaining budget: 3.076526 (wallclock), inf (ta costs), inf (target runs)
[DEBUG] [2019-07-11 13:58:25,626:smac.stats.stats.Stats] ##########################################################
[DEBUG] [2019-07-11 13:58:25,626:smac.stats.stats.Stats] Statistics:
[DEBUG] [2019-07-11 13:58:25,626:smac.stats.stats.Stats] #Incumbent changed: 5
[DEBUG] [2019-07-11 13:58:25,626:smac.stats.stats.Stats] #Target algorithm runs: 14 / inf
[DEBUG] [2019-07-11 13:58:25,626:smac.stats.stats.Stats] Used wallclock time: 20.62 / 23.69 sec 
[DEBUG] [2019-07-11 13:58:25,626:smac.stats.stats.Stats] Used target algorithm runtime: 11.85 / inf sec
[DEBUG] [2019-07-11 13:58:25,626:smac.stats.stats.Stats] Debug Statistics:
[DEBUG] [2019-07-11 13:58:25,626:smac.stats.stats.Stats] Average Configurations per Intensify: 3.00
[DEBUG] [2019-07-11 13:58:25,626:smac.stats.stats.Stats] Exponential Moving Average of Configurations per Intensify: 3.38
[DEBUG] [2019-07-11 13:58:25,626:smac.stats.stats.Stats] ##########################################################
[DEBUG] [2019-07-11 13:58:25,650:smac.runhistory.runhistory2epm.RunHistory2EPM4Cost] Transform runhistory into X,y format
[DEBUG] [2019-07-11 13:58:25,670:smac.runhistory.runhistory2epm.RunHistory2EPM4Cost] Converted 29 observations
[DEBUG] [2019-07-11 13:58:25,729:smac.optimizer.ei_optimization.LocalSearch] Switch to one of the neighbors
[DEBUG] [2019-07-11 13:58:25,788:smac.optimizer.ei_optimization.LocalSearch] Local search took 2 steps and looked at 62 configurations. Computing the acquisition value for one configuration took 0.001039 seconds on average.
[DEBUG] [2019-07-11 13:58:25,794:smac.optimizer.ei_optimization.LocalSearch] Switch to one of the neighbors
[DEBUG] [2019-07-11 13:58:25,863:smac.optimizer.ei_optimization.LocalSearch] Switch to one of the neighbors
[DEBUG] [2019-07-11 13:58:25,932:smac.optimizer.ei_optimization.LocalSearch] Switch to one of the neighbors
[DEBUG] [2019-07-11 13:58:25,978:smac.optimizer.ei_optimization.LocalSearch] Local search took 4 steps and looked at 148 configurations. Computing the acquisition value for one configuration took 0.001045 seconds on average.
[DEBUG] [2019-07-11 13:58:25,998:smac.optimizer.ei_optimization.LocalSearch] Switch to one of the neighbors
[DEBUG] [2019-07-11 13:58:26,030:smac.optimizer.ei_optimization.LocalSearch] Switch to one of the neighbors
[DEBUG] [2019-07-11 13:58:26,052:smac.optimizer.ei_optimization.LocalSearch] Switch to one of the neighbors
[DEBUG] [2019-07-11 13:58:26,099:smac.optimizer.ei_optimization.LocalSearch] Switch to one of the neighbors
[DEBUG] [2019-07-11 13:58:26,107:smac.optimizer.ei_optimization.LocalSearch] Switch to one of the neighbors
[DEBUG] [2019-07-11 13:58:26,119:smac.optimizer.ei_optimization.LocalSearch] Switch to one of the neighbors
[DEBUG] [2019-07-11 13:58:26,171:smac.optimizer.ei_optimization.LocalSearch] Local search took 7 steps and looked at 142 configurations. Computing the acquisition value for one configuration took 0.001056 seconds on average.
[DEBUG] [2019-07-11 13:58:26,889:smac.optimizer.ei_optimization.InterleavedLocalAndRandomSearch] First 10 acq func (origin) values of selected configurations: [[0.06637432258158299, 'Random Search (sorted)'], [0.06637432258158299, 'Random Search (sorted)'], [0.06637432258158299, 'Random Search (sorted)'], [0.06637432258158299, 'Random Search (sorted)'], [0.06637432258158299, 'Random Search (sorted)'], [0.06637432258158299, 'Random Search (sorted)'], [0.06637432258158299, 'Random Search (sorted)'], [0.06592258593250726, 'Random Search (sorted)'], [0.06592258593250726, 'Random Search (sorted)'], [0.06592258593250726, 'Random Search (sorted)']]
[DEBUG] [2019-07-11 13:58:26,899:root] Remaining budget: 1.803503 (wallclock), inf (ta costs), inf (target runs)
[DEBUG] [2019-07-11 13:58:26,899:smac.stats.stats.Stats] ##########################################################
[DEBUG] [2019-07-11 13:58:26,899:smac.stats.stats.Stats] Statistics:
[DEBUG] [2019-07-11 13:58:26,899:smac.stats.stats.Stats] #Incumbent changed: 5
[DEBUG] [2019-07-11 13:58:26,899:smac.stats.stats.Stats] #Target algorithm runs: 14 / inf
[DEBUG] [2019-07-11 13:58:26,899:smac.stats.stats.Stats] Used wallclock time: 21.89 / 23.69 sec 
[DEBUG] [2019-07-11 13:58:26,899:smac.stats.stats.Stats] Used target algorithm runtime: 11.85 / inf sec
[DEBUG] [2019-07-11 13:58:26,899:smac.stats.stats.Stats] Debug Statistics:
[DEBUG] [2019-07-11 13:58:26,899:smac.stats.stats.Stats] Average Configurations per Intensify: 3.00
[DEBUG] [2019-07-11 13:58:26,899:smac.stats.stats.Stats] Exponential Moving Average of Configurations per Intensify: 3.38
[DEBUG] [2019-07-11 13:58:26,899:smac.stats.stats.Stats] ##########################################################
[DEBUG] [2019-07-11 13:58:26,924:smac.runhistory.runhistory2epm.RunHistory2EPM4Cost] Transform runhistory into X,y format
[DEBUG] [2019-07-11 13:58:26,943:smac.runhistory.runhistory2epm.RunHistory2EPM4Cost] Converted 29 observations
[DEBUG] [2019-07-11 13:58:26,987:smac.optimizer.ei_optimization.LocalSearch] Switch to one of the neighbors
[DEBUG] [2019-07-11 13:58:27,011:smac.optimizer.ei_optimization.LocalSearch] Switch to one of the neighbors
[DEBUG] [2019-07-11 13:58:27,032:smac.optimizer.ei_optimization.LocalSearch] Local search took 3 steps and looked at 33 configurations. Computing the acquisition value for one configuration took 0.001072 seconds on average.
[DEBUG] [2019-07-11 13:58:27,095:smac.optimizer.ei_optimization.LocalSearch] Local search took 1 steps and looked at 49 configurations. Computing the acquisition value for one configuration took 0.001055 seconds on average.
[DEBUG] [2019-07-11 13:58:27,111:smac.optimizer.ei_optimization.LocalSearch] Switch to one of the neighbors
[DEBUG] [2019-07-11 13:58:27,123:smac.optimizer.ei_optimization.LocalSearch] Switch to one of the neighbors
[DEBUG] [2019-07-11 13:58:27,191:smac.optimizer.ei_optimization.LocalSearch] Local search took 3 steps and looked at 71 configurations. Computing the acquisition value for one configuration took 0.001049 seconds on average.
[DEBUG] [2019-07-11 13:58:27,902:smac.optimizer.ei_optimization.InterleavedLocalAndRandomSearch] First 10 acq func (origin) values of selected configurations: [[0.07779964113463633, 'Random Search (sorted)'], [0.07779964113463633, 'Random Search (sorted)'], [0.07779964113463633, 'Random Search (sorted)'], [0.07779964113463633, 'Random Search (sorted)'], [0.07779964113463633, 'Random Search (sorted)'], [0.07779964113463633, 'Random Search (sorted)'], [0.07779964113463633, 'Random Search (sorted)'], [0.07779964113463633, 'Random Search (sorted)'], [0.07779964113463633, 'Random Search (sorted)'], [0.07779964113463633, 'Random Search (sorted)']]
[DEBUG] [2019-07-11 13:58:27,912:root] Remaining budget: 0.789903 (wallclock), inf (ta costs), inf (target runs)
[DEBUG] [2019-07-11 13:58:27,912:smac.stats.stats.Stats] ##########################################################
[DEBUG] [2019-07-11 13:58:27,912:smac.stats.stats.Stats] Statistics:
[DEBUG] [2019-07-11 13:58:27,912:smac.stats.stats.Stats] #Incumbent changed: 5
[DEBUG] [2019-07-11 13:58:27,912:smac.stats.stats.Stats] #Target algorithm runs: 14 / inf
[DEBUG] [2019-07-11 13:58:27,912:smac.stats.stats.Stats] Used wallclock time: 22.90 / 23.69 sec 
[DEBUG] [2019-07-11 13:58:27,912:smac.stats.stats.Stats] Used target algorithm runtime: 11.85 / inf sec
[DEBUG] [2019-07-11 13:58:27,912:smac.stats.stats.Stats] Debug Statistics:
[DEBUG] [2019-07-11 13:58:27,913:smac.stats.stats.Stats] Average Configurations per Intensify: 3.00
[DEBUG] [2019-07-11 13:58:27,913:smac.stats.stats.Stats] Exponential Moving Average of Configurations per Intensify: 3.38
[DEBUG] [2019-07-11 13:58:27,913:smac.stats.stats.Stats] ##########################################################
[DEBUG] [2019-07-11 13:58:27,937:smac.runhistory.runhistory2epm.RunHistory2EPM4Cost] Transform runhistory into X,y format
[DEBUG] [2019-07-11 13:58:27,957:smac.runhistory.runhistory2epm.RunHistory2EPM4Cost] Converted 29 observations
[DEBUG] [2019-07-11 13:58:28,021:smac.optimizer.ei_optimization.LocalSearch] Local search took 1 steps and looked at 20 configurations. Computing the acquisition value for one configuration took 0.001042 seconds on average.
[DEBUG] [2019-07-11 13:58:28,030:smac.optimizer.ei_optimization.LocalSearch] Switch to one of the neighbors
[DEBUG] [2019-07-11 13:58:28,097:smac.optimizer.ei_optimization.LocalSearch] Local search took 2 steps and looked at 56 configurations. Computing the acquisition value for one configuration took 0.001046 seconds on average.
[DEBUG] [2019-07-11 13:58:28,106:smac.optimizer.ei_optimization.LocalSearch] Switch to one of the neighbors
[DEBUG] [2019-07-11 13:58:28,129:smac.optimizer.ei_optimization.LocalSearch] Switch to one of the neighbors
[DEBUG] [2019-07-11 13:58:28,160:smac.optimizer.ei_optimization.LocalSearch] Local search took 3 steps and looked at 44 configurations. Computing the acquisition value for one configuration took 0.001040 seconds on average.
[DEBUG] [2019-07-11 13:58:28,868:smac.optimizer.ei_optimization.InterleavedLocalAndRandomSearch] First 10 acq func (origin) values of selected configurations: [[0.07415977586090164, 'Random Search (sorted)'], [0.07415977586090164, 'Random Search (sorted)'], [0.07415977586090164, 'Random Search (sorted)'], [0.07415977586090164, 'Random Search (sorted)'], [0.07415977586090164, 'Random Search (sorted)'], [0.07415977586090164, 'Random Search (sorted)'], [0.07415977586090164, 'Random Search (sorted)'], [0.07415977586090164, 'Random Search (sorted)'], [0.07415977586090164, 'Random Search (sorted)'], [array([[0.07415978]]), 'Local Search']]
[DEBUG] [2019-07-11 13:58:28,877:root] Remaining budget: -0.175376 (wallclock), inf (ta costs), inf (target runs)
[DEBUG] [2019-07-11 13:58:28,883:smac.stats.stats.Stats] Saving stats to tmp/autosk_tmp/smac3-output/run_2/stats.json
[INFO] [2019-07-11 13:58:28,884:smac.stats.stats.Stats] ##########################################################
[INFO] [2019-07-11 13:58:28,884:smac.stats.stats.Stats] Statistics:
[INFO] [2019-07-11 13:58:28,884:smac.stats.stats.Stats] #Incumbent changed: 5
[INFO] [2019-07-11 13:58:28,884:smac.stats.stats.Stats] #Target algorithm runs: 14 / inf
[INFO] [2019-07-11 13:58:28,884:smac.stats.stats.Stats] Used wallclock time: 23.87 / 23.69 sec 
[INFO] [2019-07-11 13:58:28,884:smac.stats.stats.Stats] Used target algorithm runtime: 11.85 / inf sec
[DEBUG] [2019-07-11 13:58:28,884:smac.stats.stats.Stats] Debug Statistics:
[DEBUG] [2019-07-11 13:58:28,884:smac.stats.stats.Stats] Average Configurations per Intensify: 3.00
[DEBUG] [2019-07-11 13:58:28,884:smac.stats.stats.Stats] Exponential Moving Average of Configurations per Intensify: 3.38
[INFO] [2019-07-11 13:58:28,884:smac.stats.stats.Stats] ##########################################################
[INFO] [2019-07-11 13:58:28,884:smac.facade.smac_facade.SMAC] Final Incumbent: Configuration:
  balancing:strategy, Value: 'weighting'
  categorical_encoding:__choice__, Value: 'no_encoding'
  classifier:__choice__, Value: 'k_nearest_neighbors'
  classifier:k_nearest_neighbors:n_neighbors, Value: 13
  classifier:k_nearest_neighbors:p, Value: 1
  classifier:k_nearest_neighbors:weights, Value: 'uniform'
  imputation:strategy, Value: 'median'
  preprocessor:__choice__, Value: 'pca'
  preprocessor:pca:keep_variance, Value: 0.7450629036641758
  preprocessor:pca:whiten, Value: 'True'
  rescaling:__choice__, Value: 'normalize'

[WARNING] [2019-07-11 13:58:28,911:autosklearn.util.backend] Directory tmp/autosk_tmp/.auto-sklearn/ensembles does not exist
[DEBUG] [2019-07-11 13:58:28,912:autosklearn.util.backend] _make_internals_directory: [Errno 17] File exists: 'tmp/autosk_tmp/.auto-sklearn'
[DEBUG] [2019-07-11 13:58:28,914:autosklearn.util.backend] _make_internals_directory: [Errno 17] File exists: 'tmp/autosk_tmp/.auto-sklearn'
